<?xml version="1.0" encoding="utf-8" standalone="no"?>
<test-run id="2" testcasecount="965" result="Failed" label="Invalid" total="965" passed="961" failed="0" inconclusive="0" skipped="4" asserts="1869" engine-version="3.4.1.0" clr-version="4.0.30319.42000" start-time="2016-08-22 10:22:58Z" end-time="2016-08-22 10:23:17Z" duration="19.147292">
  <command-line><![CDATA["D:\code\FSharpx.Extras\packages\test\NUnit.ConsoleRunner\tools\nunit3-console.exe" "--noheader" "--timeout=1200000" "D:\code\FSharpx.Extras\tests\FSharpx.CSharpTests\bin\Release\FSharpx.CSharpTests.dll" "D:\code\FSharpx.Extras\tests\FSharpx.Http.Tests\bin\Release\FSharpx.Http.Tests.dll" "D:\code\FSharpx.Extras\tests\FSharpx.Observable.Tests\bin\Release\FSharpx.Observable.Tests.dll" "D:\code\FSharpx.Extras\tests\FSharpx.Tests\bin\Release\FSharpx.CSharpTests.dll" "D:\code\FSharpx.Extras\tests\FSharpx.Tests\bin\Release\FSharpx.Tests.dll" ]]></command-line>
  <test-suite type="Assembly" id="1-1143" name="FSharpx.CSharpTests.dll" fullname="D:\code\FSharpx.Extras\tests\FSharpx.CSharpTests\bin\Release\FSharpx.CSharpTests.dll" runstate="Runnable" testcasecount="124" result="Skipped" label="Ignored" start-time="2016-08-22 10:22:58Z" end-time="2016-08-22 10:23:00Z" duration="2.089101" total="124" passed="123" failed="0" inconclusive="0" skipped="1" asserts="132">
    <environment framework-version="3.4.1.0" clr-version="4.0.30319.42000" os-version="Microsoft Windows NT 10.0.10586.0" platform="Win32NT" cwd="D:\code\FSharpx.Extras" machine-name="GOODEWIND" user="Steffen" user-domain="GOODEWIND" culture="de-DE" uiculture="de-DE" os-architecture="x64" />
    <settings>
      <setting name="DefaultTimeout" value="1200000" />
      <setting name="WorkDirectory" value="D:\code\FSharpx.Extras" />
      <setting name="ImageRuntimeVersion" value="4.0.30319" />
      <setting name="ImageTargetFrameworkName" value=".NETFramework,Version=v4.5" />
      <setting name="ImageRequiresX86" value="False" />
      <setting name="ImageRequiresDefaultAppDomainAssemblyResolver" value="False" />
      <setting name="NumberOfTestWorkers" value="8" />
    </settings>
    <properties>
      <property name="_PID" value="22220" />
      <property name="_APPDOMAIN" value="test-domain-FSharpx.CSharpTests.dll" />
    </properties>
    <reason>
      <message><![CDATA[One or more child tests were ignored]]></message>
    </reason>
    <test-suite type="TestSuite" id="1-1144" name="FSharpx" fullname="FSharpx" runstate="Runnable" testcasecount="124" result="Skipped" label="Ignored" start-time="2016-08-22 10:22:58Z" end-time="2016-08-22 10:23:00Z" duration="2.070198" total="124" passed="123" failed="0" inconclusive="0" skipped="1" asserts="132">
      <reason>
        <message><![CDATA[One or more child tests were ignored]]></message>
      </reason>
      <test-suite type="TestSuite" id="1-1149" name="CSharpTests" fullname="FSharpx.CSharpTests" runstate="Runnable" testcasecount="82" result="Skipped" label="Ignored" start-time="2016-08-22 10:22:58Z" end-time="2016-08-22 10:23:00Z" duration="1.868146" total="82" passed="81" failed="0" inconclusive="0" skipped="1" asserts="90">
        <reason>
          <message><![CDATA[One or more child tests were ignored]]></message>
        </reason>
        <test-suite type="TestFixture" id="1-1044" name="ArrayTests" fullname="FSharpx.CSharpTests.ArrayTests" classname="FSharpx.CSharpTests.ArrayTests" runstate="Runnable" testcasecount="1" result="Passed" start-time="2016-08-22 10:22:58Z" end-time="2016-08-22 10:22:58Z" duration="0.016694" total="1" passed="1" failed="0" inconclusive="0" skipped="0" asserts="0">
          <test-case id="1-1045" name="Does_not_conflict_with_System_Array" fullname="FSharpx.CSharpTests.ArrayTests.Does_not_conflict_with_System_Array" methodname="Does_not_conflict_with_System_Array" classname="FSharpx.CSharpTests.ArrayTests" runstate="Runnable" seed="379034585" result="Passed" start-time="2016-08-22 10:22:58Z" end-time="2016-08-22 10:22:58Z" duration="0.004324" asserts="0" />
        </test-suite>
        <test-suite type="TestFixture" id="1-1046" name="AsyncTests" fullname="FSharpx.CSharpTests.AsyncTests" classname="FSharpx.CSharpTests.AsyncTests" runstate="Runnable" testcasecount="5" result="Skipped" label="Ignored" start-time="2016-08-22 10:22:58Z" end-time="2016-08-22 10:22:59Z" duration="1.233950" total="5" passed="4" failed="0" inconclusive="0" skipped="1" asserts="3">
          <reason>
            <message><![CDATA[One or more child tests were ignored]]></message>
          </reason>
          <test-case id="1-1050" name="Example" fullname="FSharpx.CSharpTests.AsyncTests.Example" methodname="Example" classname="FSharpx.CSharpTests.AsyncTests" runstate="Runnable" seed="1411562361" result="Passed" start-time="2016-08-22 10:22:58Z" end-time="2016-08-22 10:22:58Z" duration="0.083544" asserts="1" />
          <test-case id="1-1051" name="Example2" fullname="FSharpx.CSharpTests.AsyncTests.Example2" methodname="Example2" classname="FSharpx.CSharpTests.AsyncTests" runstate="Ignored" seed="1300944641" result="Skipped" label="Ignored" start-time="2016-08-22 10:22:58Z" end-time="2016-08-22 10:22:58Z" duration="0.001327" asserts="0">
            <properties>
              <property name="_SKIPREASON" value="just an example" />
            </properties>
            <reason>
              <message><![CDATA[just an example]]></message>
            </reason>
          </test-case>
          <test-case id="1-1047" name="LINQ" fullname="FSharpx.CSharpTests.AsyncTests.LINQ" methodname="LINQ" classname="FSharpx.CSharpTests.AsyncTests" runstate="Runnable" seed="1755241946" result="Passed" start-time="2016-08-22 10:22:58Z" end-time="2016-08-22 10:22:59Z" duration="0.987438" asserts="1" />
          <test-case id="1-1048" name="Parallel" fullname="FSharpx.CSharpTests.AsyncTests.Parallel" methodname="Parallel" classname="FSharpx.CSharpTests.AsyncTests" runstate="Runnable" seed="1250261483" result="Passed" start-time="2016-08-22 10:22:59Z" end-time="2016-08-22 10:22:59Z" duration="0.142359" asserts="1" />
          <test-case id="1-1049" name="ToAsync" fullname="FSharpx.CSharpTests.AsyncTests.ToAsync" methodname="ToAsync" classname="FSharpx.CSharpTests.AsyncTests" runstate="Runnable" seed="1238134664" result="Passed" start-time="2016-08-22 10:22:59Z" end-time="2016-08-22 10:22:59Z" duration="0.002401" asserts="0" />
        </test-suite>
        <test-suite type="TestFixture" id="1-1120" name="ChoiceTests" fullname="FSharpx.CSharpTests.ChoiceTests" classname="FSharpx.CSharpTests.ChoiceTests" runstate="Runnable" testcasecount="16" result="Passed" start-time="2016-08-22 10:22:59Z" end-time="2016-08-22 10:22:59Z" duration="0.132650" total="16" passed="16" failed="0" inconclusive="0" skipped="0" asserts="15">
          <test-case id="1-1129" name="Cast_Exception" fullname="FSharpx.CSharpTests.ChoiceTests.Cast_Exception" methodname="Cast_Exception" classname="FSharpx.CSharpTests.ChoiceTests" runstate="Runnable" seed="1585063994" result="Passed" start-time="2016-08-22 10:22:59Z" end-time="2016-08-22 10:22:59Z" duration="0.005381" asserts="0" />
          <test-case id="1-1128" name="Cast_OK" fullname="FSharpx.CSharpTests.ChoiceTests.Cast_OK" methodname="Cast_OK" classname="FSharpx.CSharpTests.ChoiceTests" runstate="Runnable" seed="83952129" result="Passed" start-time="2016-08-22 10:22:59Z" end-time="2016-08-22 10:22:59Z" duration="0.000632" asserts="1" />
          <test-case id="1-1130" name="ChoiceToOption" fullname="FSharpx.CSharpTests.ChoiceTests.ChoiceToOption" methodname="ChoiceToOption" classname="FSharpx.CSharpTests.ChoiceTests" runstate="Runnable" seed="1020820766" result="Passed" start-time="2016-08-22 10:22:59Z" end-time="2016-08-22 10:22:59Z" duration="0.007761" asserts="1" />
          <test-case id="1-1121" name="Match" fullname="FSharpx.CSharpTests.ChoiceTests.Match" methodname="Match" classname="FSharpx.CSharpTests.ChoiceTests" runstate="Runnable" seed="1569752252" result="Passed" start-time="2016-08-22 10:22:59Z" end-time="2016-08-22 10:22:59Z" duration="0.001620" asserts="1" />
          <test-case id="1-1122" name="MatchAction" fullname="FSharpx.CSharpTests.ChoiceTests.MatchAction" methodname="MatchAction" classname="FSharpx.CSharpTests.ChoiceTests" runstate="Runnable" seed="746065371" result="Passed" start-time="2016-08-22 10:22:59Z" end-time="2016-08-22 10:22:59Z" duration="0.001202" asserts="0">
            <output><![CDATA[1
]]></output>
          </test-case>
          <test-case id="1-1123" name="New" fullname="FSharpx.CSharpTests.ChoiceTests.New" methodname="New" classname="FSharpx.CSharpTests.ChoiceTests" runstate="Runnable" seed="1263937938" result="Passed" start-time="2016-08-22 10:22:59Z" end-time="2016-08-22 10:22:59Z" duration="0.001552" asserts="2" />
          <test-case id="1-1131" name="OptionToChoice" fullname="FSharpx.CSharpTests.ChoiceTests.OptionToChoice" methodname="OptionToChoice" classname="FSharpx.CSharpTests.ChoiceTests" runstate="Runnable" seed="1899185909" result="Passed" start-time="2016-08-22 10:22:59Z" end-time="2016-08-22 10:22:59Z" duration="0.006487" asserts="1" />
          <test-case id="1-1124" name="Select" fullname="FSharpx.CSharpTests.ChoiceTests.Select" methodname="Select" classname="FSharpx.CSharpTests.ChoiceTests" runstate="Runnable" seed="2099918039" result="Passed" start-time="2016-08-22 10:22:59Z" end-time="2016-08-22 10:22:59Z" duration="0.001756" asserts="1" />
          <test-case id="1-1125" name="Select2" fullname="FSharpx.CSharpTests.ChoiceTests.Select2" methodname="Select2" classname="FSharpx.CSharpTests.ChoiceTests" runstate="Runnable" seed="611786110" result="Passed" start-time="2016-08-22 10:22:59Z" end-time="2016-08-22 10:22:59Z" duration="0.000765" asserts="1" />
          <test-case id="1-1133" name="SelectSecond_Error" fullname="FSharpx.CSharpTests.ChoiceTests.SelectSecond_Error" methodname="SelectSecond_Error" classname="FSharpx.CSharpTests.ChoiceTests" runstate="Runnable" seed="1013912560" result="Passed" start-time="2016-08-22 10:22:59Z" end-time="2016-08-22 10:22:59Z" duration="0.001056" asserts="1" />
          <test-case id="1-1132" name="SelectSecond_OK" fullname="FSharpx.CSharpTests.ChoiceTests.SelectSecond_OK" methodname="SelectSecond_OK" classname="FSharpx.CSharpTests.ChoiceTests" runstate="Runnable" seed="1735063411" result="Passed" start-time="2016-08-22 10:22:59Z" end-time="2016-08-22 10:22:59Z" duration="0.003473" asserts="1" />
          <test-case id="1-1134" name="Try" fullname="FSharpx.CSharpTests.ChoiceTests.Try" methodname="Try" classname="FSharpx.CSharpTests.ChoiceTests" runstate="Runnable" seed="80514724" result="Passed" start-time="2016-08-22 10:22:59Z" end-time="2016-08-22 10:22:59Z" duration="0.001530" asserts="0" />
          <test-case id="1-1136" name="Try_as_extension_method_applying_function" fullname="FSharpx.CSharpTests.ChoiceTests.Try_as_extension_method_applying_function" methodname="Try_as_extension_method_applying_function" classname="FSharpx.CSharpTests.ChoiceTests" runstate="Runnable" seed="370131284" result="Passed" start-time="2016-08-22 10:22:59Z" end-time="2016-08-22 10:22:59Z" duration="0.003897" asserts="1" />
          <test-case id="1-1135" name="Try_as_extension_method_creating_a_new_function" fullname="FSharpx.CSharpTests.ChoiceTests.Try_as_extension_method_creating_a_new_function" methodname="Try_as_extension_method_creating_a_new_function" classname="FSharpx.CSharpTests.ChoiceTests" runstate="Runnable" seed="649248930" result="Passed" start-time="2016-08-22 10:22:59Z" end-time="2016-08-22 10:22:59Z" duration="0.000511" asserts="1" />
          <test-case id="1-1126" name="Validation_Errors" fullname="FSharpx.CSharpTests.ChoiceTests.Validation_Errors" methodname="Validation_Errors" classname="FSharpx.CSharpTests.ChoiceTests" runstate="Runnable" seed="1487648691" result="Passed" start-time="2016-08-22 10:22:59Z" end-time="2016-08-22 10:22:59Z" duration="0.032356" asserts="1">
            <output><![CDATA[FSharpx.Collections.NonEmptyList`1[System.String]
]]></output>
          </test-case>
          <test-case id="1-1127" name="Validation_OK" fullname="FSharpx.CSharpTests.ChoiceTests.Validation_OK" methodname="Validation_OK" classname="FSharpx.CSharpTests.ChoiceTests" runstate="Runnable" seed="2063530289" result="Passed" start-time="2016-08-22 10:22:59Z" end-time="2016-08-22 10:22:59Z" duration="0.002299" asserts="2" />
        </test-suite>
        <test-suite type="TestFixture" id="1-1078" name="DictionaryTests" fullname="FSharpx.CSharpTests.DictionaryTests" classname="FSharpx.CSharpTests.DictionaryTests" runstate="Runnable" testcasecount="1" result="Passed" start-time="2016-08-22 10:22:59Z" end-time="2016-08-22 10:22:59Z" duration="0.004987" total="1" passed="1" failed="0" inconclusive="0" skipped="0" asserts="1">
          <test-case id="1-1079" name="TryFind" fullname="FSharpx.CSharpTests.DictionaryTests.TryFind" methodname="TryFind" classname="FSharpx.CSharpTests.DictionaryTests" runstate="Runnable" seed="2054726899" result="Passed" start-time="2016-08-22 10:22:59Z" end-time="2016-08-22 10:22:59Z" duration="0.001786" asserts="1" />
        </test-suite>
        <test-suite type="TestFixture" id="1-1052" name="EnumerableTests" fullname="FSharpx.CSharpTests.EnumerableTests" classname="FSharpx.CSharpTests.EnumerableTests" runstate="Runnable" testcasecount="2" result="Passed" start-time="2016-08-22 10:22:59Z" end-time="2016-08-22 10:22:59Z" duration="0.010618" total="2" passed="2" failed="0" inconclusive="0" skipped="0" asserts="2">
          <test-case id="1-1053" name="FirstOrNone_None" fullname="FSharpx.CSharpTests.EnumerableTests.FirstOrNone_None" methodname="FirstOrNone_None" classname="FSharpx.CSharpTests.EnumerableTests" runstate="Runnable" seed="712031593" result="Passed" start-time="2016-08-22 10:22:59Z" end-time="2016-08-22 10:22:59Z" duration="0.000889" asserts="1" />
          <test-case id="1-1054" name="FirstOrNone_Some" fullname="FSharpx.CSharpTests.EnumerableTests.FirstOrNone_Some" methodname="FirstOrNone_Some" classname="FSharpx.CSharpTests.EnumerableTests" runstate="Runnable" seed="539182201" result="Passed" start-time="2016-08-22 10:22:59Z" end-time="2016-08-22 10:22:59Z" duration="0.000645" asserts="1" />
        </test-suite>
        <test-suite type="TestFixture" id="1-1080" name="FuncTests" fullname="FSharpx.CSharpTests.FuncTests" classname="FSharpx.CSharpTests.FuncTests" runstate="Runnable" testcasecount="6" result="Passed" start-time="2016-08-22 10:22:59Z" end-time="2016-08-22 10:22:59Z" duration="0.026561" total="6" passed="6" failed="0" inconclusive="0" skipped="0" asserts="5">
          <test-case id="1-1083" name="ActionTuple" fullname="FSharpx.CSharpTests.FuncTests.ActionTuple" methodname="ActionTuple" classname="FSharpx.CSharpTests.FuncTests" runstate="Runnable" seed="1688917458" result="Passed" start-time="2016-08-22 10:22:59Z" end-time="2016-08-22 10:22:59Z" duration="0.001272" asserts="1" />
          <test-case id="1-1084" name="ActionUntuple" fullname="FSharpx.CSharpTests.FuncTests.ActionUntuple" methodname="ActionUntuple" classname="FSharpx.CSharpTests.FuncTests" runstate="Runnable" seed="858811324" result="Passed" start-time="2016-08-22 10:22:59Z" end-time="2016-08-22 10:22:59Z" duration="0.001400" asserts="1" />
          <test-case id="1-1086" name="AndThen" fullname="FSharpx.CSharpTests.FuncTests.AndThen" methodname="AndThen" classname="FSharpx.CSharpTests.FuncTests" runstate="Runnable" seed="328240375" result="Passed" start-time="2016-08-22 10:22:59Z" end-time="2016-08-22 10:22:59Z" duration="0.001894" asserts="1" />
          <test-case id="1-1085" name="Compose" fullname="FSharpx.CSharpTests.FuncTests.Compose" methodname="Compose" classname="FSharpx.CSharpTests.FuncTests" runstate="Runnable" seed="2030628733" result="Passed" start-time="2016-08-22 10:22:59Z" end-time="2016-08-22 10:22:59Z" duration="0.001356" asserts="1" />
          <test-case id="1-1081" name="FromAction" fullname="FSharpx.CSharpTests.FuncTests.FromAction" methodname="FromAction" classname="FSharpx.CSharpTests.FuncTests" runstate="Runnable" seed="747689305" result="Passed" start-time="2016-08-22 10:22:59Z" end-time="2016-08-22 10:22:59Z" duration="0.000626" asserts="1" />
          <test-case id="1-1082" name="FromActionEta" fullname="FSharpx.CSharpTests.FuncTests.FromActionEta" methodname="FromActionEta" classname="FSharpx.CSharpTests.FuncTests" runstate="Runnable" seed="1626983382" result="Passed" start-time="2016-08-22 10:22:59Z" end-time="2016-08-22 10:22:59Z" duration="0.000653" asserts="0" />
        </test-suite>
        <test-suite type="TestFixture" id="1-1055" name="LazyTests" fullname="FSharpx.CSharpTests.LazyTests" classname="FSharpx.CSharpTests.LazyTests" runstate="Runnable" testcasecount="2" result="Passed" start-time="2016-08-22 10:22:59Z" end-time="2016-08-22 10:22:59Z" duration="0.012619" total="2" passed="2" failed="0" inconclusive="0" skipped="0" asserts="3">
          <test-case id="1-1056" name="Create" fullname="FSharpx.CSharpTests.LazyTests.Create" methodname="Create" classname="FSharpx.CSharpTests.LazyTests" runstate="Runnable" seed="1480657811" result="Passed" start-time="2016-08-22 10:22:59Z" end-time="2016-08-22 10:22:59Z" duration="0.004032" asserts="2" />
          <test-case id="1-1057" name="Singleton" fullname="FSharpx.CSharpTests.LazyTests.Singleton" methodname="Singleton" classname="FSharpx.CSharpTests.LazyTests" runstate="Runnable" seed="1496773370" result="Passed" start-time="2016-08-22 10:22:59Z" end-time="2016-08-22 10:22:59Z" duration="0.002306" asserts="1" />
        </test-suite>
        <test-suite type="TestFixture" id="1-1105" name="ListTests" fullname="FSharpx.CSharpTests.ListTests" classname="FSharpx.CSharpTests.ListTests" runstate="Runnable" testcasecount="8" result="Passed" start-time="2016-08-22 10:22:59Z" end-time="2016-08-22 10:22:59Z" duration="0.040990" total="8" passed="8" failed="0" inconclusive="0" skipped="0" asserts="7">
          <test-case id="1-1109" name="Choose" fullname="FSharpx.CSharpTests.ListTests.Choose" methodname="Choose" classname="FSharpx.CSharpTests.ListTests" runstate="Runnable" seed="621588007" result="Passed" start-time="2016-08-22 10:22:59Z" end-time="2016-08-22 10:22:59Z" duration="0.003708" asserts="1" />
          <test-case id="1-1110" name="Cons" fullname="FSharpx.CSharpTests.ListTests.Cons" methodname="Cons" classname="FSharpx.CSharpTests.ListTests" runstate="Runnable" seed="257113497" result="Passed" start-time="2016-08-22 10:22:59Z" end-time="2016-08-22 10:22:59Z" duration="0.002525" asserts="2" />
          <test-case id="1-1106" name="Match_empty" fullname="FSharpx.CSharpTests.ListTests.Match_empty" methodname="Match_empty" classname="FSharpx.CSharpTests.ListTests" runstate="Runnable" seed="1254207018" result="Passed" start-time="2016-08-22 10:22:59Z" end-time="2016-08-22 10:22:59Z" duration="0.001147" asserts="1" />
          <test-case id="1-1107" name="Match_non_empty" fullname="FSharpx.CSharpTests.ListTests.Match_non_empty" methodname="Match_non_empty" classname="FSharpx.CSharpTests.ListTests" runstate="Runnable" seed="361209523" result="Passed" start-time="2016-08-22 10:22:59Z" end-time="2016-08-22 10:22:59Z" duration="0.001206" asserts="1" />
          <test-case id="1-1108" name="NewList" fullname="FSharpx.CSharpTests.ListTests.NewList" methodname="NewList" classname="FSharpx.CSharpTests.ListTests" runstate="Runnable" seed="1095664479" result="Passed" start-time="2016-08-22 10:22:59Z" end-time="2016-08-22 10:22:59Z" duration="0.000605" asserts="1" />
          <test-case id="1-1111" name="ToFSharpList" fullname="FSharpx.CSharpTests.ListTests.ToFSharpList" methodname="ToFSharpList" classname="FSharpx.CSharpTests.ListTests" runstate="Runnable" seed="539213852" result="Passed" start-time="2016-08-22 10:22:59Z" end-time="2016-08-22 10:22:59Z" duration="0.000520" asserts="1" />
          <test-case id="1-1112" name="TryFind_predicate" fullname="FSharpx.CSharpTests.ListTests.TryFind_predicate" methodname="TryFind_predicate" classname="FSharpx.CSharpTests.ListTests" runstate="Runnable" seed="1940543434" result="Passed" start-time="2016-08-22 10:22:59Z" end-time="2016-08-22 10:22:59Z" duration="0.001809" asserts="0" />
          <test-case id="1-1113" name="TryFind_value" fullname="FSharpx.CSharpTests.ListTests.TryFind_value" methodname="TryFind_value" classname="FSharpx.CSharpTests.ListTests" runstate="Runnable" seed="383606774" result="Passed" start-time="2016-08-22 10:22:59Z" end-time="2016-08-22 10:22:59Z" duration="0.001163" asserts="0" />
        </test-suite>
        <test-suite type="TestFixture" id="1-1114" name="MapTests" fullname="FSharpx.CSharpTests.MapTests" classname="FSharpx.CSharpTests.MapTests" runstate="Runnable" testcasecount="2" result="Passed" start-time="2016-08-22 10:22:59Z" end-time="2016-08-22 10:22:59Z" duration="0.026022" total="2" passed="2" failed="0" inconclusive="0" skipped="0" asserts="2">
          <test-case id="1-1115" name="New" fullname="FSharpx.CSharpTests.MapTests.New" methodname="New" classname="FSharpx.CSharpTests.MapTests" runstate="Runnable" seed="1569397443" result="Passed" start-time="2016-08-22 10:22:59Z" end-time="2016-08-22 10:22:59Z" duration="0.016147" asserts="1" />
          <test-case id="1-1116" name="TryFind" fullname="FSharpx.CSharpTests.MapTests.TryFind" methodname="TryFind" classname="FSharpx.CSharpTests.MapTests" runstate="Runnable" seed="329060352" result="Passed" start-time="2016-08-22 10:22:59Z" end-time="2016-08-22 10:22:59Z" duration="0.002734" asserts="1" />
        </test-suite>
        <test-suite type="TestFixture" id="1-1087" name="NameValueCollectionTests" fullname="FSharpx.CSharpTests.NameValueCollectionTests" classname="FSharpx.CSharpTests.NameValueCollectionTests" runstate="Runnable" testcasecount="5" result="Passed" start-time="2016-08-22 10:22:59Z" end-time="2016-08-22 10:22:59Z" duration="0.069002" total="5" passed="5" failed="0" inconclusive="0" skipped="0" asserts="15">
          <test-case id="1-1091" name="AsDictionary" fullname="FSharpx.CSharpTests.NameValueCollectionTests.AsDictionary" methodname="AsDictionary" classname="FSharpx.CSharpTests.NameValueCollectionTests" runstate="Runnable" seed="1149712039" result="Passed" start-time="2016-08-22 10:22:59Z" end-time="2016-08-22 10:22:59Z" duration="0.028367" asserts="2" />
          <test-case id="1-1092" name="AsLookup" fullname="FSharpx.CSharpTests.NameValueCollectionTests.AsLookup" methodname="AsLookup" classname="FSharpx.CSharpTests.NameValueCollectionTests" runstate="Runnable" seed="1807099336" result="Passed" start-time="2016-08-22 10:22:59Z" end-time="2016-08-22 10:22:59Z" duration="0.003130" asserts="5" />
          <test-case id="1-1088" name="Concat" fullname="FSharpx.CSharpTests.NameValueCollectionTests.Concat" methodname="Concat" classname="FSharpx.CSharpTests.NameValueCollectionTests" runstate="Runnable" seed="1333787050" result="Passed" start-time="2016-08-22 10:22:59Z" end-time="2016-08-22 10:22:59Z" duration="0.001173" asserts="3" />
          <test-case id="1-1089" name="ToEnumerable" fullname="FSharpx.CSharpTests.NameValueCollectionTests.ToEnumerable" methodname="ToEnumerable" classname="FSharpx.CSharpTests.NameValueCollectionTests" runstate="Runnable" seed="2120023801" result="Passed" start-time="2016-08-22 10:22:59Z" end-time="2016-08-22 10:22:59Z" duration="0.013026" asserts="2" />
          <test-case id="1-1090" name="ToLookup" fullname="FSharpx.CSharpTests.NameValueCollectionTests.ToLookup" methodname="ToLookup" classname="FSharpx.CSharpTests.NameValueCollectionTests" runstate="Runnable" seed="970344758" result="Passed" start-time="2016-08-22 10:22:59Z" end-time="2016-08-22 10:22:59Z" duration="0.004842" asserts="3" />
        </test-suite>
        <test-suite type="TestFixture" id="1-1058" name="NonEmptyListTests" fullname="FSharpx.CSharpTests.NonEmptyListTests" classname="FSharpx.CSharpTests.NonEmptyListTests" runstate="Runnable" testcasecount="12" result="Passed" start-time="2016-08-22 10:22:59Z" end-time="2016-08-22 10:23:00Z" duration="0.057570" total="12" passed="12" failed="0" inconclusive="0" skipped="0" asserts="15">
          <test-case id="1-1064" name="Concat_FSharpList" fullname="FSharpx.CSharpTests.NonEmptyListTests.Concat_FSharpList" methodname="Concat_FSharpList" classname="FSharpx.CSharpTests.NonEmptyListTests" runstate="Runnable" seed="123191181" result="Passed" start-time="2016-08-22 10:22:59Z" end-time="2016-08-22 10:22:59Z" duration="0.002608" asserts="1" />
          <test-case id="1-1066" name="Concat_FSharpList_extension" fullname="FSharpx.CSharpTests.NonEmptyListTests.Concat_FSharpList_extension" methodname="Concat_FSharpList_extension" classname="FSharpx.CSharpTests.NonEmptyListTests" runstate="Runnable" seed="174478865" result="Passed" start-time="2016-08-22 10:22:59Z" end-time="2016-08-22 10:22:59Z" duration="0.000591" asserts="1" />
          <test-case id="1-1065" name="Concat_NonEmptyList" fullname="FSharpx.CSharpTests.NonEmptyListTests.Concat_NonEmptyList" methodname="Concat_NonEmptyList" classname="FSharpx.CSharpTests.NonEmptyListTests" runstate="Runnable" seed="380125189" result="Passed" start-time="2016-08-22 10:22:59Z" end-time="2016-08-22 10:22:59Z" duration="0.001336" asserts="1" />
          <test-case id="1-1067" name="Concat_NonEmptyList_extension" fullname="FSharpx.CSharpTests.NonEmptyListTests.Concat_NonEmptyList_extension" methodname="Concat_NonEmptyList_extension" classname="FSharpx.CSharpTests.NonEmptyListTests" runstate="Runnable" seed="596993419" result="Passed" start-time="2016-08-22 10:23:00Z" end-time="2016-08-22 10:23:00Z" duration="0.000582" asserts="1" />
          <test-case id="1-1068" name="Cons" fullname="FSharpx.CSharpTests.NonEmptyListTests.Cons" methodname="Cons" classname="FSharpx.CSharpTests.NonEmptyListTests" runstate="Runnable" seed="1180912286" result="Passed" start-time="2016-08-22 10:23:00Z" end-time="2016-08-22 10:23:00Z" duration="0.001158" asserts="1" />
          <test-case id="1-1059" name="Create" fullname="FSharpx.CSharpTests.NonEmptyListTests.Create" methodname="Create" classname="FSharpx.CSharpTests.NonEmptyListTests" runstate="Runnable" seed="1841266937" result="Passed" start-time="2016-08-22 10:23:00Z" end-time="2016-08-22 10:23:00Z" duration="0.002042" asserts="2" />
          <test-case id="1-1061" name="HeadTail" fullname="FSharpx.CSharpTests.NonEmptyListTests.HeadTail" methodname="HeadTail" classname="FSharpx.CSharpTests.NonEmptyListTests" runstate="Runnable" seed="498171163" result="Passed" start-time="2016-08-22 10:23:00Z" end-time="2016-08-22 10:23:00Z" duration="0.001266" asserts="2" />
          <test-case id="1-1069" name="Reverse" fullname="FSharpx.CSharpTests.NonEmptyListTests.Reverse" methodname="Reverse" classname="FSharpx.CSharpTests.NonEmptyListTests" runstate="Runnable" seed="712855807" result="Passed" start-time="2016-08-22 10:23:00Z" end-time="2016-08-22 10:23:00Z" duration="0.001147" asserts="1" />
          <test-case id="1-1070" name="Select" fullname="FSharpx.CSharpTests.NonEmptyListTests.Select" methodname="Select" classname="FSharpx.CSharpTests.NonEmptyListTests" runstate="Runnable" seed="218638281" result="Passed" start-time="2016-08-22 10:23:00Z" end-time="2016-08-22 10:23:00Z" duration="0.003819" asserts="2" />
          <test-case id="1-1060" name="Singleton" fullname="FSharpx.CSharpTests.NonEmptyListTests.Singleton" methodname="Singleton" classname="FSharpx.CSharpTests.NonEmptyListTests" runstate="Runnable" seed="1462314238" result="Passed" start-time="2016-08-22 10:23:00Z" end-time="2016-08-22 10:23:00Z" duration="0.000561" asserts="1" />
          <test-case id="1-1063" name="ToArray" fullname="FSharpx.CSharpTests.NonEmptyListTests.ToArray" methodname="ToArray" classname="FSharpx.CSharpTests.NonEmptyListTests" runstate="Runnable" seed="455322252" result="Passed" start-time="2016-08-22 10:23:00Z" end-time="2016-08-22 10:23:00Z" duration="0.001320" asserts="1" />
          <test-case id="1-1062" name="ToFSharpList" fullname="FSharpx.CSharpTests.NonEmptyListTests.ToFSharpList" methodname="ToFSharpList" classname="FSharpx.CSharpTests.NonEmptyListTests" runstate="Runnable" seed="1008784354" result="Passed" start-time="2016-08-22 10:23:00Z" end-time="2016-08-22 10:23:00Z" duration="0.000522" asserts="1" />
        </test-suite>
        <test-suite type="TestFixture" id="1-1117" name="SetTests" fullname="FSharpx.CSharpTests.SetTests" classname="FSharpx.CSharpTests.SetTests" runstate="Runnable" testcasecount="2" result="Passed" start-time="2016-08-22 10:23:00Z" end-time="2016-08-22 10:23:00Z" duration="0.017019" total="2" passed="2" failed="0" inconclusive="0" skipped="0" asserts="2">
          <test-case id="1-1118" name="Create" fullname="FSharpx.CSharpTests.SetTests.Create" methodname="Create" classname="FSharpx.CSharpTests.SetTests" runstate="Runnable" seed="1635105714" result="Passed" start-time="2016-08-22 10:23:00Z" end-time="2016-08-22 10:23:00Z" duration="0.008659" asserts="1" />
          <test-case id="1-1119" name="ToFSharpSet" fullname="FSharpx.CSharpTests.SetTests.ToFSharpSet" methodname="ToFSharpSet" classname="FSharpx.CSharpTests.SetTests" runstate="Runnable" seed="724151793" result="Passed" start-time="2016-08-22 10:23:00Z" end-time="2016-08-22 10:23:00Z" duration="0.001536" asserts="1" />
        </test-suite>
        <test-suite type="TestFixture" id="1-1071" name="StringsTests" fullname="FSharpx.CSharpTests.StringsTests" classname="FSharpx.CSharpTests.StringsTests" runstate="Runnable" testcasecount="6" result="Passed" start-time="2016-08-22 10:23:00Z" end-time="2016-08-22 10:23:00Z" duration="0.025004" total="6" passed="6" failed="0" inconclusive="0" skipped="0" asserts="10">
          <test-case id="1-1072" name="WhenDetectingIfStringStartsWithHelloAndItDoes" fullname="FSharpx.CSharpTests.StringsTests.WhenDetectingIfStringStartsWithHelloAndItDoes" methodname="WhenDetectingIfStringStartsWithHelloAndItDoes" classname="FSharpx.CSharpTests.StringsTests" runstate="Runnable" seed="107091029" result="Passed" start-time="2016-08-22 10:23:00Z" end-time="2016-08-22 10:23:00Z" duration="0.001070" asserts="1" />
          <test-case id="1-1073" name="WhenDetectingIfStringStartsWithHelloAndItDoesnt" fullname="FSharpx.CSharpTests.StringsTests.WhenDetectingIfStringStartsWithHelloAndItDoesnt" methodname="WhenDetectingIfStringStartsWithHelloAndItDoesnt" classname="FSharpx.CSharpTests.StringsTests" runstate="Runnable" seed="467671507" result="Passed" start-time="2016-08-22 10:23:00Z" end-time="2016-08-22 10:23:00Z" duration="0.000647" asserts="1" />
          <test-case id="1-1074" name="WhenReplacingSimplePatternInStringWhichContainsThePattern" fullname="FSharpx.CSharpTests.StringsTests.WhenReplacingSimplePatternInStringWhichContainsThePattern" methodname="WhenReplacingSimplePatternInStringWhichContainsThePattern" classname="FSharpx.CSharpTests.StringsTests" runstate="Runnable" seed="1881696508" result="Passed" start-time="2016-08-22 10:23:00Z" end-time="2016-08-22 10:23:00Z" duration="0.000308" asserts="1" />
          <test-case id="1-1075" name="WhenReplacingSimplePatternInStringWhichDoesntContainThePattern" fullname="FSharpx.CSharpTests.StringsTests.WhenReplacingSimplePatternInStringWhichDoesntContainThePattern" methodname="WhenReplacingSimplePatternInStringWhichDoesntContainThePattern" classname="FSharpx.CSharpTests.StringsTests" runstate="Runnable" seed="241822620" result="Passed" start-time="2016-08-22 10:23:00Z" end-time="2016-08-22 10:23:00Z" duration="0.000250" asserts="1" />
          <test-case id="1-1076" name="WhenSplittingAStringWithEmptyGroup" fullname="FSharpx.CSharpTests.StringsTests.WhenSplittingAStringWithEmptyGroup" methodname="WhenSplittingAStringWithEmptyGroup" classname="FSharpx.CSharpTests.StringsTests" runstate="Runnable" seed="1449993452" result="Passed" start-time="2016-08-22 10:23:00Z" end-time="2016-08-22 10:23:00Z" duration="0.000538" asserts="3" />
          <test-case id="1-1077" name="WhenSplittingAStringWithQuestionMark" fullname="FSharpx.CSharpTests.StringsTests.WhenSplittingAStringWithQuestionMark" methodname="WhenSplittingAStringWithQuestionMark" classname="FSharpx.CSharpTests.StringsTests" runstate="Runnable" seed="769191438" result="Passed" start-time="2016-08-22 10:23:00Z" end-time="2016-08-22 10:23:00Z" duration="0.000251" asserts="3" />
        </test-suite>
        <test-suite type="TestSuite" id="1-1150" name="ValidationExample" fullname="FSharpx.CSharpTests.ValidationExample" runstate="Runnable" testcasecount="3" result="Passed" start-time="2016-08-22 10:22:58Z" end-time="2016-08-22 10:23:00Z" duration="1.795941" total="3" passed="3" failed="0" inconclusive="0" skipped="0" asserts="8">
          <test-suite type="TestFixture" id="1-1137" name="Test1" fullname="FSharpx.CSharpTests.ValidationExample.Test1" classname="FSharpx.CSharpTests.ValidationExample.Test1" runstate="Runnable" testcasecount="1" result="Passed" start-time="2016-08-22 10:23:00Z" end-time="2016-08-22 10:23:00Z" duration="0.025507" total="1" passed="1" failed="0" inconclusive="0" skipped="0" asserts="5">
            <test-case id="1-1138" name="Part1" fullname="FSharpx.CSharpTests.ValidationExample.Test1.Part1" methodname="Part1" classname="FSharpx.CSharpTests.ValidationExample.Test1" runstate="Runnable" seed="935126235" result="Passed" start-time="2016-08-22 10:23:00Z" end-time="2016-08-22 10:23:00Z" duration="0.022391" asserts="5" />
          </test-suite>
          <test-suite type="TestFixture" id="1-1139" name="Test2" fullname="FSharpx.CSharpTests.ValidationExample.Test2" classname="FSharpx.CSharpTests.ValidationExample.Test2" runstate="Runnable" testcasecount="1" result="Passed" start-time="2016-08-22 10:23:00Z" end-time="2016-08-22 10:23:00Z" duration="0.013565" total="1" passed="1" failed="0" inconclusive="0" skipped="0" asserts="2">
            <test-case id="1-1140" name="Part2" fullname="FSharpx.CSharpTests.ValidationExample.Test2.Part2" methodname="Part2" classname="FSharpx.CSharpTests.ValidationExample.Test2" runstate="Runnable" seed="1888084777" result="Passed" start-time="2016-08-22 10:23:00Z" end-time="2016-08-22 10:23:00Z" duration="0.010308" asserts="2" />
          </test-suite>
          <test-suite type="TestFixture" id="1-1141" name="Test3" fullname="FSharpx.CSharpTests.ValidationExample.Test3" classname="FSharpx.CSharpTests.ValidationExample.Test3" runstate="Runnable" testcasecount="1" result="Passed" start-time="2016-08-22 10:23:00Z" end-time="2016-08-22 10:23:00Z" duration="0.015033" total="1" passed="1" failed="0" inconclusive="0" skipped="0" asserts="1">
            <test-case id="1-1142" name="Part3" fullname="FSharpx.CSharpTests.ValidationExample.Test3.Part3" methodname="Part3" classname="FSharpx.CSharpTests.ValidationExample.Test3" runstate="Runnable" seed="291096416" result="Passed" start-time="2016-08-22 10:23:00Z" end-time="2016-08-22 10:23:00Z" duration="0.011805" asserts="1" />
          </test-suite>
        </test-suite>
        <test-suite type="TestFixture" id="1-1093" name="ValidationTests" fullname="FSharpx.CSharpTests.ValidationTests" classname="FSharpx.CSharpTests.ValidationTests" runstate="Runnable" testcasecount="11" result="Passed" start-time="2016-08-22 10:23:00Z" end-time="2016-08-22 10:23:00Z" duration="0.063209" total="11" passed="11" failed="0" inconclusive="0" skipped="0" asserts="2">
          <test-case id="1-1103" name="AddressWithLine1AndLine2" fullname="FSharpx.CSharpTests.ValidationTests.AddressWithLine1AndLine2" methodname="AddressWithLine1AndLine2" classname="FSharpx.CSharpTests.ValidationTests" runstate="Runnable" seed="1933627901" result="Passed" start-time="2016-08-22 10:23:00Z" end-time="2016-08-22 10:23:00Z" duration="0.002950" asserts="0" />
          <test-case id="1-1102" name="AddressWithLine1AndNoLine2" fullname="FSharpx.CSharpTests.ValidationTests.AddressWithLine1AndNoLine2" methodname="AddressWithLine1AndNoLine2" classname="FSharpx.CSharpTests.ValidationTests" runstate="Runnable" seed="1171174647" result="Passed" start-time="2016-08-22 10:23:00Z" end-time="2016-08-22 10:23:00Z" duration="0.000451" asserts="0" />
          <test-case id="1-1104" name="AddressWithLine2AndNoLine1" fullname="FSharpx.CSharpTests.ValidationTests.AddressWithLine2AndNoLine1" methodname="AddressWithLine2AndNoLine1" classname="FSharpx.CSharpTests.ValidationTests" runstate="Runnable" seed="1960614815" result="Passed" start-time="2016-08-22 10:23:00Z" end-time="2016-08-22 10:23:00Z" duration="0.001044" asserts="2" />
          <test-case id="1-1101" name="AddressWithoutLine1" fullname="FSharpx.CSharpTests.ValidationTests.AddressWithoutLine1" methodname="AddressWithoutLine1" classname="FSharpx.CSharpTests.ValidationTests" runstate="Runnable" seed="2127195871" result="Passed" start-time="2016-08-22 10:23:00Z" end-time="2016-08-22 10:23:00Z" duration="0.000715" asserts="0" />
          <test-case id="1-1096" name="Test1_either" fullname="FSharpx.CSharpTests.ValidationTests.Test1_either" methodname="Test1_either" classname="FSharpx.CSharpTests.ValidationTests" runstate="Runnable" seed="1554818820" result="Passed" start-time="2016-08-22 10:23:00Z" end-time="2016-08-22 10:23:00Z" duration="0.000597" asserts="0">
            <output><![CDATA[Error: Invalid User ID
]]></output>
          </test-case>
          <test-case id="1-1094" name="Test1_Imperative" fullname="FSharpx.CSharpTests.ValidationTests.Test1_Imperative" methodname="Test1_Imperative" classname="FSharpx.CSharpTests.ValidationTests" runstate="Runnable" seed="1033683747" result="Passed" start-time="2016-08-22 10:23:00Z" end-time="2016-08-22 10:23:00Z" duration="0.000271" asserts="0">
            <output><![CDATA[Error: Invalid User ID
]]></output>
          </test-case>
          <test-case id="1-1095" name="Test1_option" fullname="FSharpx.CSharpTests.ValidationTests.Test1_option" methodname="Test1_option" classname="FSharpx.CSharpTests.ValidationTests" runstate="Runnable" seed="1583693712" result="Passed" start-time="2016-08-22 10:23:00Z" end-time="2016-08-22 10:23:00Z" duration="0.000411" asserts="0">
            <output><![CDATA[Error: Invalid User ID
]]></output>
          </test-case>
          <test-case id="1-1098" name="Test2_either" fullname="FSharpx.CSharpTests.ValidationTests.Test2_either" methodname="Test2_either" classname="FSharpx.CSharpTests.ValidationTests" runstate="Runnable" seed="1613282919" result="Passed" start-time="2016-08-22 10:23:00Z" end-time="2016-08-22 10:23:00Z" duration="0.003929" asserts="0">
            <output><![CDATA[Error: Invalid User ID
Error: Invalid ID
]]></output>
          </test-case>
          <test-case id="1-1099" name="Test2_either_LINQ" fullname="FSharpx.CSharpTests.ValidationTests.Test2_either_LINQ" methodname="Test2_either_LINQ" classname="FSharpx.CSharpTests.ValidationTests" runstate="Runnable" seed="90651267" result="Passed" start-time="2016-08-22 10:23:00Z" end-time="2016-08-22 10:23:00Z" duration="0.001726" asserts="0">
            <output><![CDATA[Error: Invalid User ID
Error: Invalid ID
]]></output>
          </test-case>
          <test-case id="1-1097" name="Test2_imperative" fullname="FSharpx.CSharpTests.ValidationTests.Test2_imperative" methodname="Test2_imperative" classname="FSharpx.CSharpTests.ValidationTests" runstate="Runnable" seed="834714672" result="Passed" start-time="2016-08-22 10:23:00Z" end-time="2016-08-22 10:23:00Z" duration="0.000393" asserts="0">
            <output><![CDATA[Error: Invalid user ID
Error: Invalid ID
]]></output>
          </test-case>
          <test-case id="1-1100" name="Test3" fullname="FSharpx.CSharpTests.ValidationTests.Test3" methodname="Test3" classname="FSharpx.CSharpTests.ValidationTests" runstate="Runnable" seed="1912801900" result="Passed" start-time="2016-08-22 10:23:00Z" end-time="2016-08-22 10:23:00Z" duration="0.012506" asserts="0">
            <output><![CDATA[FSharpx.Collections.NonEmptyList`1[System.String]
]]></output>
          </test-case>
        </test-suite>
      </test-suite>
      <test-suite type="TestSuite" id="1-1145" name="Functional" fullname="FSharpx.Functional" runstate="Runnable" testcasecount="41" result="Passed" start-time="2016-08-22 10:22:58Z" end-time="2016-08-22 10:23:00Z" duration="2.049705" total="41" passed="41" failed="0" inconclusive="0" skipped="0" asserts="41">
        <test-suite type="TestSuite" id="1-1146" name="CSharpTests" fullname="FSharpx.Functional.CSharpTests" runstate="Runnable" testcasecount="41" result="Passed" start-time="2016-08-22 10:22:58Z" end-time="2016-08-22 10:23:00Z" duration="2.046203" total="41" passed="41" failed="0" inconclusive="0" skipped="0" asserts="41">
          <test-suite type="TestFixture" id="1-1000" name="OptionTests" fullname="FSharpx.Functional.CSharpTests.OptionTests" classname="FSharpx.Functional.CSharpTests.OptionTests" runstate="Runnable" testcasecount="41" result="Passed" start-time="2016-08-22 10:23:00Z" end-time="2016-08-22 10:23:00Z" duration="0.179557" total="41" passed="41" failed="0" inconclusive="0" skipped="0" asserts="41">
            <test-case id="1-1026" name="CastInt" fullname="FSharpx.Functional.CSharpTests.OptionTests.CastInt" methodname="CastInt" classname="FSharpx.Functional.CSharpTests.OptionTests" runstate="Runnable" seed="948943849" result="Passed" start-time="2016-08-22 10:23:00Z" end-time="2016-08-22 10:23:00Z" duration="0.000930" asserts="1" />
            <test-case id="1-1027" name="CastInt_null" fullname="FSharpx.Functional.CSharpTests.OptionTests.CastInt_null" methodname="CastInt_null" classname="FSharpx.Functional.CSharpTests.OptionTests" runstate="Runnable" seed="1081063552" result="Passed" start-time="2016-08-22 10:23:00Z" end-time="2016-08-22 10:23:00Z" duration="0.000344" asserts="1" />
            <test-case id="1-1028" name="DBNull_is_None" fullname="FSharpx.Functional.CSharpTests.OptionTests.DBNull_is_None" methodname="DBNull_is_None" classname="FSharpx.Functional.CSharpTests.OptionTests" runstate="Runnable" seed="1983561651" result="Passed" start-time="2016-08-22 10:23:00Z" end-time="2016-08-22 10:23:00Z" duration="0.000593" asserts="1" />
            <test-case id="1-1020" name="Do" fullname="FSharpx.Functional.CSharpTests.OptionTests.Do" methodname="Do" classname="FSharpx.Functional.CSharpTests.OptionTests" runstate="Runnable" seed="1493513879" result="Passed" start-time="2016-08-22 10:23:00Z" end-time="2016-08-22 10:23:00Z" duration="0.001094" asserts="1" />
            <test-case id="1-1021" name="Dont" fullname="FSharpx.Functional.CSharpTests.OptionTests.Dont" methodname="Dont" classname="FSharpx.Functional.CSharpTests.OptionTests" runstate="Runnable" seed="1044061481" result="Passed" start-time="2016-08-22 10:23:00Z" end-time="2016-08-22 10:23:00Z" duration="0.000371" asserts="0" />
            <test-case id="1-1004" name="FromNullable_WithoutValue" fullname="FSharpx.Functional.CSharpTests.OptionTests.FromNullable_WithoutValue" methodname="FromNullable_WithoutValue" classname="FSharpx.Functional.CSharpTests.OptionTests" runstate="Runnable" seed="895578359" result="Passed" start-time="2016-08-22 10:23:00Z" end-time="2016-08-22 10:23:00Z" duration="0.001094" asserts="1" />
            <test-case id="1-1003" name="FromNullable_WithValue" fullname="FSharpx.Functional.CSharpTests.OptionTests.FromNullable_WithValue" methodname="FromNullable_WithValue" classname="FSharpx.Functional.CSharpTests.OptionTests" runstate="Runnable" seed="1409911420" result="Passed" start-time="2016-08-22 10:23:00Z" end-time="2016-08-22 10:23:00Z" duration="0.000475" asserts="1" />
            <test-case id="1-1034" name="GetOrDefault_ReferenceType" fullname="FSharpx.Functional.CSharpTests.OptionTests.GetOrDefault_ReferenceType" methodname="GetOrDefault_ReferenceType" classname="FSharpx.Functional.CSharpTests.OptionTests" runstate="Runnable" seed="557078763" result="Passed" start-time="2016-08-22 10:23:00Z" end-time="2016-08-22 10:23:00Z" duration="0.000547" asserts="1" />
            <test-case id="1-1035" name="GetOrDefault_ValueType" fullname="FSharpx.Functional.CSharpTests.OptionTests.GetOrDefault_ValueType" methodname="GetOrDefault_ValueType" classname="FSharpx.Functional.CSharpTests.OptionTests" runstate="Runnable" seed="1902440034" result="Passed" start-time="2016-08-22 10:23:00Z" end-time="2016-08-22 10:23:00Z" duration="0.000325" asserts="1" />
            <test-case id="1-1033" name="GetOrDefault_WithValue" fullname="FSharpx.Functional.CSharpTests.OptionTests.GetOrDefault_WithValue" methodname="GetOrDefault_WithValue" classname="FSharpx.Functional.CSharpTests.OptionTests" runstate="Runnable" seed="915583178" result="Passed" start-time="2016-08-22 10:23:00Z" end-time="2016-08-22 10:23:00Z" duration="0.000233" asserts="1" />
            <test-case id="1-1031" name="GetOrElse" fullname="FSharpx.Functional.CSharpTests.OptionTests.GetOrElse" methodname="GetOrElse" classname="FSharpx.Functional.CSharpTests.OptionTests" runstate="Runnable" seed="1062958130" result="Passed" start-time="2016-08-22 10:23:00Z" end-time="2016-08-22 10:23:00Z" duration="0.000832" asserts="1" />
            <test-case id="1-1032" name="GetOrElse_function" fullname="FSharpx.Functional.CSharpTests.OptionTests.GetOrElse_function" methodname="GetOrElse_function" classname="FSharpx.Functional.CSharpTests.OptionTests" runstate="Runnable" seed="146540895" result="Passed" start-time="2016-08-22 10:23:00Z" end-time="2016-08-22 10:23:00Z" duration="0.000755" asserts="1" />
            <test-case id="1-1001" name="HasValue" fullname="FSharpx.Functional.CSharpTests.OptionTests.HasValue" methodname="HasValue" classname="FSharpx.Functional.CSharpTests.OptionTests" runstate="Runnable" seed="294156518" result="Passed" start-time="2016-08-22 10:23:00Z" end-time="2016-08-22 10:23:00Z" duration="0.000224" asserts="1" />
            <test-case id="1-1011" name="LINQ_Aggregate" fullname="FSharpx.Functional.CSharpTests.OptionTests.LINQ_Aggregate" methodname="LINQ_Aggregate" classname="FSharpx.Functional.CSharpTests.OptionTests" runstate="Runnable" seed="752060174" result="Passed" start-time="2016-08-22 10:23:00Z" end-time="2016-08-22 10:23:00Z" duration="0.001996" asserts="1" />
            <test-case id="1-1012" name="LINQ_Aggregate_None" fullname="FSharpx.Functional.CSharpTests.OptionTests.LINQ_Aggregate_None" methodname="LINQ_Aggregate_None" classname="FSharpx.Functional.CSharpTests.OptionTests" runstate="Runnable" seed="1665612538" result="Passed" start-time="2016-08-22 10:23:00Z" end-time="2016-08-22 10:23:00Z" duration="0.000576" asserts="1" />
            <test-case id="1-1007" name="LINQ_Select" fullname="FSharpx.Functional.CSharpTests.OptionTests.LINQ_Select" methodname="LINQ_Select" classname="FSharpx.Functional.CSharpTests.OptionTests" runstate="Runnable" seed="797584024" result="Passed" start-time="2016-08-22 10:23:00Z" end-time="2016-08-22 10:23:00Z" duration="0.001292" asserts="1" />
            <test-case id="1-1008" name="LINQ_SelectMany" fullname="FSharpx.Functional.CSharpTests.OptionTests.LINQ_SelectMany" methodname="LINQ_SelectMany" classname="FSharpx.Functional.CSharpTests.OptionTests" runstate="Runnable" seed="2012792858" result="Passed" start-time="2016-08-22 10:23:00Z" end-time="2016-08-22 10:23:00Z" duration="0.001590" asserts="1" />
            <test-case id="1-1009" name="LINQ_SelectMany2" fullname="FSharpx.Functional.CSharpTests.OptionTests.LINQ_SelectMany2" methodname="LINQ_SelectMany2" classname="FSharpx.Functional.CSharpTests.OptionTests" runstate="Runnable" seed="405263129" result="Passed" start-time="2016-08-22 10:23:00Z" end-time="2016-08-22 10:23:00Z" duration="0.000706" asserts="1" />
            <test-case id="1-1010" name="LINQ_SelectMany2_with_none" fullname="FSharpx.Functional.CSharpTests.OptionTests.LINQ_SelectMany2_with_none" methodname="LINQ_SelectMany2_with_none" classname="FSharpx.Functional.CSharpTests.OptionTests" runstate="Runnable" seed="797556183" result="Passed" start-time="2016-08-22 10:23:00Z" end-time="2016-08-22 10:23:00Z" duration="0.000884" asserts="1" />
            <test-case id="1-1013" name="LINQ_Where" fullname="FSharpx.Functional.CSharpTests.OptionTests.LINQ_Where" methodname="LINQ_Where" classname="FSharpx.Functional.CSharpTests.OptionTests" runstate="Runnable" seed="1530351265" result="Passed" start-time="2016-08-22 10:23:00Z" end-time="2016-08-22 10:23:00Z" duration="0.000802" asserts="1" />
            <test-case id="1-1014" name="LINQ_Where2" fullname="FSharpx.Functional.CSharpTests.OptionTests.LINQ_Where2" methodname="LINQ_Where2" classname="FSharpx.Functional.CSharpTests.OptionTests" runstate="Runnable" seed="1414066635" result="Passed" start-time="2016-08-22 10:23:00Z" end-time="2016-08-22 10:23:00Z" duration="0.000529" asserts="1" />
            <test-case id="1-1015" name="LINQ_Where3" fullname="FSharpx.Functional.CSharpTests.OptionTests.LINQ_Where3" methodname="LINQ_Where3" classname="FSharpx.Functional.CSharpTests.OptionTests" runstate="Runnable" seed="266438520" result="Passed" start-time="2016-08-22 10:23:00Z" end-time="2016-08-22 10:23:00Z" duration="0.000327" asserts="1" />
            <test-case id="1-1019" name="Match_Action" fullname="FSharpx.Functional.CSharpTests.OptionTests.Match_Action" methodname="Match_Action" classname="FSharpx.Functional.CSharpTests.OptionTests" runstate="Runnable" seed="2050721045" result="Passed" start-time="2016-08-22 10:23:00Z" end-time="2016-08-22 10:23:00Z" duration="0.000278" asserts="0">
              <output><![CDATA[5
]]></output>
            </test-case>
            <test-case id="1-1017" name="Match_None" fullname="FSharpx.Functional.CSharpTests.OptionTests.Match_None" methodname="Match_None" classname="FSharpx.Functional.CSharpTests.OptionTests" runstate="Runnable" seed="1849481023" result="Passed" start-time="2016-08-22 10:23:00Z" end-time="2016-08-22 10:23:00Z" duration="0.000877" asserts="1" />
            <test-case id="1-1016" name="Match_Some" fullname="FSharpx.Functional.CSharpTests.OptionTests.Match_Some" methodname="Match_Some" classname="FSharpx.Functional.CSharpTests.OptionTests" runstate="Runnable" seed="1514837857" result="Passed" start-time="2016-08-22 10:23:00Z" end-time="2016-08-22 10:23:00Z" duration="0.000644" asserts="1" />
            <test-case id="1-1018" name="Match_Value" fullname="FSharpx.Functional.CSharpTests.OptionTests.Match_Value" methodname="Match_Value" classname="FSharpx.Functional.CSharpTests.OptionTests" runstate="Runnable" seed="1329973086" result="Passed" start-time="2016-08-22 10:23:00Z" end-time="2016-08-22 10:23:00Z" duration="0.000689" asserts="1" />
            <test-case id="1-1002" name="NotHasValue" fullname="FSharpx.Functional.CSharpTests.OptionTests.NotHasValue" methodname="NotHasValue" classname="FSharpx.Functional.CSharpTests.OptionTests" runstate="Runnable" seed="987701596" result="Passed" start-time="2016-08-22 10:23:00Z" end-time="2016-08-22 10:23:00Z" duration="0.000194" asserts="1" />
            <test-case id="1-1029" name="OrElse" fullname="FSharpx.Functional.CSharpTests.OptionTests.OrElse" methodname="OrElse" classname="FSharpx.Functional.CSharpTests.OptionTests" runstate="Runnable" seed="234730755" result="Passed" start-time="2016-08-22 10:23:00Z" end-time="2016-08-22 10:23:00Z" duration="0.000603" asserts="1" />
            <test-case id="1-1030" name="OrElse_None" fullname="FSharpx.Functional.CSharpTests.OptionTests.OrElse_None" methodname="OrElse_None" classname="FSharpx.Functional.CSharpTests.OptionTests" runstate="Runnable" seed="125611339" result="Passed" start-time="2016-08-22 10:23:00Z" end-time="2016-08-22 10:23:00Z" duration="0.000474" asserts="1" />
            <test-case id="1-1037" name="Sequence_None" fullname="FSharpx.Functional.CSharpTests.OptionTests.Sequence_None" methodname="Sequence_None" classname="FSharpx.Functional.CSharpTests.OptionTests" runstate="Runnable" seed="1510670278" result="Passed" start-time="2016-08-22 10:23:00Z" end-time="2016-08-22 10:23:00Z" duration="0.004192" asserts="1" />
            <test-case id="1-1036" name="Sequence_Some" fullname="FSharpx.Functional.CSharpTests.OptionTests.Sequence_Some" methodname="Sequence_Some" classname="FSharpx.Functional.CSharpTests.OptionTests" runstate="Runnable" seed="1005862727" result="Passed" start-time="2016-08-22 10:23:00Z" end-time="2016-08-22 10:23:00Z" duration="0.001941" asserts="1" />
            <test-case id="1-1005" name="Some" fullname="FSharpx.Functional.CSharpTests.OptionTests.Some" methodname="Some" classname="FSharpx.Functional.CSharpTests.OptionTests" runstate="Runnable" seed="1172944059" result="Passed" start-time="2016-08-22 10:23:00Z" end-time="2016-08-22 10:23:00Z" duration="0.000273" asserts="1" />
            <test-case id="1-1006" name="SomeExtensionMethod" fullname="FSharpx.Functional.CSharpTests.OptionTests.SomeExtensionMethod" methodname="SomeExtensionMethod" classname="FSharpx.Functional.CSharpTests.OptionTests" runstate="Runnable" seed="731428096" result="Passed" start-time="2016-08-22 10:23:00Z" end-time="2016-08-22 10:23:00Z" duration="0.000311" asserts="1" />
            <test-case id="1-1040" name="ToArray_None" fullname="FSharpx.Functional.CSharpTests.OptionTests.ToArray_None" methodname="ToArray_None" classname="FSharpx.Functional.CSharpTests.OptionTests" runstate="Runnable" seed="1431817512" result="Passed" start-time="2016-08-22 10:23:00Z" end-time="2016-08-22 10:23:00Z" duration="0.000519" asserts="1" />
            <test-case id="1-1041" name="ToArray_Some" fullname="FSharpx.Functional.CSharpTests.OptionTests.ToArray_Some" methodname="ToArray_Some" classname="FSharpx.Functional.CSharpTests.OptionTests" runstate="Runnable" seed="819448749" result="Passed" start-time="2016-08-22 10:23:00Z" end-time="2016-08-22 10:23:00Z" duration="0.000809" asserts="2" />
            <test-case id="1-1038" name="ToFSharpList_None" fullname="FSharpx.Functional.CSharpTests.OptionTests.ToFSharpList_None" methodname="ToFSharpList_None" classname="FSharpx.Functional.CSharpTests.OptionTests" runstate="Runnable" seed="781131920" result="Passed" start-time="2016-08-22 10:23:00Z" end-time="2016-08-22 10:23:00Z" duration="0.000685" asserts="1" />
            <test-case id="1-1039" name="ToFSharpList_Some" fullname="FSharpx.Functional.CSharpTests.OptionTests.ToFSharpList_Some" methodname="ToFSharpList_Some" classname="FSharpx.Functional.CSharpTests.OptionTests" runstate="Runnable" seed="1074843750" result="Passed" start-time="2016-08-22 10:23:00Z" end-time="2016-08-22 10:23:00Z" duration="0.001451" asserts="2" />
            <test-case id="1-1023" name="TryParseDec" fullname="FSharpx.Functional.CSharpTests.OptionTests.TryParseDec" methodname="TryParseDec" classname="FSharpx.Functional.CSharpTests.OptionTests" runstate="Runnable" seed="983759461" result="Passed" start-time="2016-08-22 10:23:00Z" end-time="2016-08-22 10:23:00Z" duration="0.001858" asserts="1" />
            <test-case id="1-1024" name="TryParseDouble" fullname="FSharpx.Functional.CSharpTests.OptionTests.TryParseDouble" methodname="TryParseDouble" classname="FSharpx.Functional.CSharpTests.OptionTests" runstate="Runnable" seed="2144971626" result="Passed" start-time="2016-08-22 10:23:00Z" end-time="2016-08-22 10:23:00Z" duration="0.001684" asserts="1" />
            <test-case id="1-1025" name="TryParseFloat" fullname="FSharpx.Functional.CSharpTests.OptionTests.TryParseFloat" methodname="TryParseFloat" classname="FSharpx.Functional.CSharpTests.OptionTests" runstate="Runnable" seed="1463926209" result="Passed" start-time="2016-08-22 10:23:00Z" end-time="2016-08-22 10:23:00Z" duration="0.001815" asserts="1" />
            <test-case id="1-1022" name="TryParseInt" fullname="FSharpx.Functional.CSharpTests.OptionTests.TryParseInt" methodname="TryParseInt" classname="FSharpx.Functional.CSharpTests.OptionTests" runstate="Runnable" seed="640570945" result="Passed" start-time="2016-08-22 10:23:00Z" end-time="2016-08-22 10:23:00Z" duration="0.000302" asserts="1" />
          </test-suite>
        </test-suite>
      </test-suite>
      <test-suite type="TestSuite" id="1-1147" name="IO" fullname="FSharpx.IO" runstate="Runnable" testcasecount="1" result="Passed" start-time="2016-08-22 10:22:58Z" end-time="2016-08-22 10:23:00Z" duration="2.054700" total="1" passed="1" failed="0" inconclusive="0" skipped="0" asserts="1">
        <test-suite type="TestSuite" id="1-1148" name="CSharpTests" fullname="FSharpx.IO.CSharpTests" runstate="Runnable" testcasecount="1" result="Passed" start-time="2016-08-22 10:22:58Z" end-time="2016-08-22 10:23:00Z" duration="2.051207" total="1" passed="1" failed="0" inconclusive="0" skipped="0" asserts="1">
          <test-suite type="TestFixture" id="1-1042" name="IOTests" fullname="FSharpx.IO.CSharpTests.IOTests" classname="FSharpx.IO.CSharpTests.IOTests" runstate="Runnable" testcasecount="1" result="Passed" start-time="2016-08-22 10:23:00Z" end-time="2016-08-22 10:23:00Z" duration="0.002986" total="1" passed="1" failed="0" inconclusive="0" skipped="0" asserts="1">
            <test-case id="1-1043" name="WhenConvertingTextToWindowsLineBreaks" fullname="FSharpx.IO.CSharpTests.IOTests.WhenConvertingTextToWindowsLineBreaks" methodname="WhenConvertingTextToWindowsLineBreaks" classname="FSharpx.IO.CSharpTests.IOTests" runstate="Runnable" seed="1261517721" result="Passed" start-time="2016-08-22 10:23:00Z" end-time="2016-08-22 10:23:00Z" duration="0.000459" asserts="1" />
          </test-suite>
        </test-suite>
      </test-suite>
    </test-suite>
  </test-suite>
  <test-suite type="Assembly" id="2-1" name="FSharpx.Http.Tests.dll" fullname="D:\code\FSharpx.Extras\tests\FSharpx.Http.Tests\bin\Release\FSharpx.Http.Tests.dll" testcasecount="0" runstate="NotRunnable" result="Failed" label="Invalid">
    <properties>
      <property name="_SKIPREASON" value="No suitable tests found in 'D:\code\FSharpx.Extras\tests\FSharpx.Http.Tests\bin\Release\FSharpx.Http.Tests.dll'.&#xA;Either assembly contains no tests or proper test driver has not been found." />
    </properties>
    <reason>
      <message>No suitable tests found in 'D:\code\FSharpx.Extras\tests\FSharpx.Http.Tests\bin\Release\FSharpx.Http.Tests.dll'.
Either assembly contains no tests or proper test driver has not been found.</message>
    </reason>
  </test-suite>
  <test-suite type="Assembly" id="3-1" name="FSharpx.Observable.Tests.dll" fullname="D:\code\FSharpx.Extras\tests\FSharpx.Observable.Tests\bin\Release\FSharpx.Observable.Tests.dll" testcasecount="0" runstate="NotRunnable" result="Failed" label="Invalid">
    <properties>
      <property name="_SKIPREASON" value="No suitable tests found in 'D:\code\FSharpx.Extras\tests\FSharpx.Observable.Tests\bin\Release\FSharpx.Observable.Tests.dll'.&#xA;Either assembly contains no tests or proper test driver has not been found." />
    </properties>
    <reason>
      <message>No suitable tests found in 'D:\code\FSharpx.Extras\tests\FSharpx.Observable.Tests\bin\Release\FSharpx.Observable.Tests.dll'.
Either assembly contains no tests or proper test driver has not been found.</message>
    </reason>
  </test-suite>
  <test-suite type="Assembly" id="4-1143" name="FSharpx.CSharpTests.dll" fullname="D:\code\FSharpx.Extras\tests\FSharpx.Tests\bin\Release\FSharpx.CSharpTests.dll" runstate="Runnable" testcasecount="124" result="Skipped" label="Ignored" start-time="2016-08-22 10:22:58Z" end-time="2016-08-22 10:23:00Z" duration="2.149239" total="124" passed="123" failed="0" inconclusive="0" skipped="1" asserts="132">
    <environment framework-version="3.4.1.0" clr-version="4.0.30319.42000" os-version="Microsoft Windows NT 10.0.10586.0" platform="Win32NT" cwd="D:\code\FSharpx.Extras" machine-name="GOODEWIND" user="Steffen" user-domain="GOODEWIND" culture="de-DE" uiculture="de-DE" os-architecture="x64" />
    <settings>
      <setting name="DefaultTimeout" value="1200000" />
      <setting name="WorkDirectory" value="D:\code\FSharpx.Extras" />
      <setting name="ImageRuntimeVersion" value="4.0.30319" />
      <setting name="ImageTargetFrameworkName" value=".NETFramework,Version=v4.5" />
      <setting name="ImageRequiresX86" value="False" />
      <setting name="ImageRequiresDefaultAppDomainAssemblyResolver" value="False" />
      <setting name="NumberOfTestWorkers" value="8" />
    </settings>
    <properties>
      <property name="_PID" value="18756" />
      <property name="_APPDOMAIN" value="test-domain-FSharpx.CSharpTests.dll" />
    </properties>
    <reason>
      <message><![CDATA[One or more child tests were ignored]]></message>
    </reason>
    <test-suite type="TestSuite" id="4-1144" name="FSharpx" fullname="FSharpx" runstate="Runnable" testcasecount="124" result="Skipped" label="Ignored" start-time="2016-08-22 10:22:58Z" end-time="2016-08-22 10:23:00Z" duration="2.130707" total="124" passed="123" failed="0" inconclusive="0" skipped="1" asserts="132">
      <reason>
        <message><![CDATA[One or more child tests were ignored]]></message>
      </reason>
      <test-suite type="TestSuite" id="4-1149" name="CSharpTests" fullname="FSharpx.CSharpTests" runstate="Runnable" testcasecount="82" result="Skipped" label="Ignored" start-time="2016-08-22 10:22:58Z" end-time="2016-08-22 10:23:00Z" duration="1.923153" total="82" passed="81" failed="0" inconclusive="0" skipped="1" asserts="90">
        <reason>
          <message><![CDATA[One or more child tests were ignored]]></message>
        </reason>
        <test-suite type="TestFixture" id="4-1044" name="ArrayTests" fullname="FSharpx.CSharpTests.ArrayTests" classname="FSharpx.CSharpTests.ArrayTests" runstate="Runnable" testcasecount="1" result="Passed" start-time="2016-08-22 10:22:58Z" end-time="2016-08-22 10:22:58Z" duration="0.015356" total="1" passed="1" failed="0" inconclusive="0" skipped="0" asserts="0">
          <test-case id="4-1045" name="Does_not_conflict_with_System_Array" fullname="FSharpx.CSharpTests.ArrayTests.Does_not_conflict_with_System_Array" methodname="Does_not_conflict_with_System_Array" classname="FSharpx.CSharpTests.ArrayTests" runstate="Runnable" seed="1321964396" result="Passed" start-time="2016-08-22 10:22:58Z" end-time="2016-08-22 10:22:58Z" duration="0.004419" asserts="0" />
        </test-suite>
        <test-suite type="TestFixture" id="4-1046" name="AsyncTests" fullname="FSharpx.CSharpTests.AsyncTests" classname="FSharpx.CSharpTests.AsyncTests" runstate="Runnable" testcasecount="5" result="Skipped" label="Ignored" start-time="2016-08-22 10:22:58Z" end-time="2016-08-22 10:22:59Z" duration="1.302964" total="5" passed="4" failed="0" inconclusive="0" skipped="1" asserts="3">
          <reason>
            <message><![CDATA[One or more child tests were ignored]]></message>
          </reason>
          <test-case id="4-1050" name="Example" fullname="FSharpx.CSharpTests.AsyncTests.Example" methodname="Example" classname="FSharpx.CSharpTests.AsyncTests" runstate="Runnable" seed="254597681" result="Passed" start-time="2016-08-22 10:22:58Z" end-time="2016-08-22 10:22:58Z" duration="0.058435" asserts="1" />
          <test-case id="4-1051" name="Example2" fullname="FSharpx.CSharpTests.AsyncTests.Example2" methodname="Example2" classname="FSharpx.CSharpTests.AsyncTests" runstate="Ignored" seed="2088901199" result="Skipped" label="Ignored" start-time="2016-08-22 10:22:58Z" end-time="2016-08-22 10:22:58Z" duration="0.000547" asserts="0">
            <properties>
              <property name="_SKIPREASON" value="just an example" />
            </properties>
            <reason>
              <message><![CDATA[just an example]]></message>
            </reason>
          </test-case>
          <test-case id="4-1047" name="LINQ" fullname="FSharpx.CSharpTests.AsyncTests.LINQ" methodname="LINQ" classname="FSharpx.CSharpTests.AsyncTests" runstate="Runnable" seed="39388574" result="Passed" start-time="2016-08-22 10:22:58Z" end-time="2016-08-22 10:22:59Z" duration="1.090546" asserts="1" />
          <test-case id="4-1048" name="Parallel" fullname="FSharpx.CSharpTests.AsyncTests.Parallel" methodname="Parallel" classname="FSharpx.CSharpTests.AsyncTests" runstate="Runnable" seed="217905784" result="Passed" start-time="2016-08-22 10:22:59Z" end-time="2016-08-22 10:22:59Z" duration="0.133638" asserts="1" />
          <test-case id="4-1049" name="ToAsync" fullname="FSharpx.CSharpTests.AsyncTests.ToAsync" methodname="ToAsync" classname="FSharpx.CSharpTests.AsyncTests" runstate="Runnable" seed="228088681" result="Passed" start-time="2016-08-22 10:22:59Z" end-time="2016-08-22 10:22:59Z" duration="0.002528" asserts="0" />
        </test-suite>
        <test-suite type="TestFixture" id="4-1120" name="ChoiceTests" fullname="FSharpx.CSharpTests.ChoiceTests" classname="FSharpx.CSharpTests.ChoiceTests" runstate="Runnable" testcasecount="16" result="Passed" start-time="2016-08-22 10:22:59Z" end-time="2016-08-22 10:22:59Z" duration="0.117686" total="16" passed="16" failed="0" inconclusive="0" skipped="0" asserts="15">
          <test-case id="4-1129" name="Cast_Exception" fullname="FSharpx.CSharpTests.ChoiceTests.Cast_Exception" methodname="Cast_Exception" classname="FSharpx.CSharpTests.ChoiceTests" runstate="Runnable" seed="131731789" result="Passed" start-time="2016-08-22 10:22:59Z" end-time="2016-08-22 10:22:59Z" duration="0.005332" asserts="0" />
          <test-case id="4-1128" name="Cast_OK" fullname="FSharpx.CSharpTests.ChoiceTests.Cast_OK" methodname="Cast_OK" classname="FSharpx.CSharpTests.ChoiceTests" runstate="Runnable" seed="1177530379" result="Passed" start-time="2016-08-22 10:22:59Z" end-time="2016-08-22 10:22:59Z" duration="0.000657" asserts="1" />
          <test-case id="4-1130" name="ChoiceToOption" fullname="FSharpx.CSharpTests.ChoiceTests.ChoiceToOption" methodname="ChoiceToOption" classname="FSharpx.CSharpTests.ChoiceTests" runstate="Runnable" seed="1386499472" result="Passed" start-time="2016-08-22 10:22:59Z" end-time="2016-08-22 10:22:59Z" duration="0.008026" asserts="1" />
          <test-case id="4-1121" name="Match" fullname="FSharpx.CSharpTests.ChoiceTests.Match" methodname="Match" classname="FSharpx.CSharpTests.ChoiceTests" runstate="Runnable" seed="1127581538" result="Passed" start-time="2016-08-22 10:22:59Z" end-time="2016-08-22 10:22:59Z" duration="0.001211" asserts="1" />
          <test-case id="4-1122" name="MatchAction" fullname="FSharpx.CSharpTests.ChoiceTests.MatchAction" methodname="MatchAction" classname="FSharpx.CSharpTests.ChoiceTests" runstate="Runnable" seed="562256982" result="Passed" start-time="2016-08-22 10:22:59Z" end-time="2016-08-22 10:22:59Z" duration="0.001037" asserts="0">
            <output><![CDATA[1
]]></output>
          </test-case>
          <test-case id="4-1123" name="New" fullname="FSharpx.CSharpTests.ChoiceTests.New" methodname="New" classname="FSharpx.CSharpTests.ChoiceTests" runstate="Runnable" seed="471434958" result="Passed" start-time="2016-08-22 10:22:59Z" end-time="2016-08-22 10:22:59Z" duration="0.002066" asserts="2" />
          <test-case id="4-1131" name="OptionToChoice" fullname="FSharpx.CSharpTests.ChoiceTests.OptionToChoice" methodname="OptionToChoice" classname="FSharpx.CSharpTests.ChoiceTests" runstate="Runnable" seed="2134582654" result="Passed" start-time="2016-08-22 10:22:59Z" end-time="2016-08-22 10:22:59Z" duration="0.006622" asserts="1" />
          <test-case id="4-1124" name="Select" fullname="FSharpx.CSharpTests.ChoiceTests.Select" methodname="Select" classname="FSharpx.CSharpTests.ChoiceTests" runstate="Runnable" seed="1089988659" result="Passed" start-time="2016-08-22 10:22:59Z" end-time="2016-08-22 10:22:59Z" duration="0.002278" asserts="1" />
          <test-case id="4-1125" name="Select2" fullname="FSharpx.CSharpTests.ChoiceTests.Select2" methodname="Select2" classname="FSharpx.CSharpTests.ChoiceTests" runstate="Runnable" seed="2036662376" result="Passed" start-time="2016-08-22 10:22:59Z" end-time="2016-08-22 10:22:59Z" duration="0.001167" asserts="1" />
          <test-case id="4-1133" name="SelectSecond_Error" fullname="FSharpx.CSharpTests.ChoiceTests.SelectSecond_Error" methodname="SelectSecond_Error" classname="FSharpx.CSharpTests.ChoiceTests" runstate="Runnable" seed="1715257609" result="Passed" start-time="2016-08-22 10:22:59Z" end-time="2016-08-22 10:22:59Z" duration="0.001885" asserts="1" />
          <test-case id="4-1132" name="SelectSecond_OK" fullname="FSharpx.CSharpTests.ChoiceTests.SelectSecond_OK" methodname="SelectSecond_OK" classname="FSharpx.CSharpTests.ChoiceTests" runstate="Runnable" seed="149768792" result="Passed" start-time="2016-08-22 10:22:59Z" end-time="2016-08-22 10:22:59Z" duration="0.003216" asserts="1" />
          <test-case id="4-1134" name="Try" fullname="FSharpx.CSharpTests.ChoiceTests.Try" methodname="Try" classname="FSharpx.CSharpTests.ChoiceTests" runstate="Runnable" seed="817081736" result="Passed" start-time="2016-08-22 10:22:59Z" end-time="2016-08-22 10:22:59Z" duration="0.001595" asserts="0" />
          <test-case id="4-1136" name="Try_as_extension_method_applying_function" fullname="FSharpx.CSharpTests.ChoiceTests.Try_as_extension_method_applying_function" methodname="Try_as_extension_method_applying_function" classname="FSharpx.CSharpTests.ChoiceTests" runstate="Runnable" seed="1189457458" result="Passed" start-time="2016-08-22 10:22:59Z" end-time="2016-08-22 10:22:59Z" duration="0.003251" asserts="1" />
          <test-case id="4-1135" name="Try_as_extension_method_creating_a_new_function" fullname="FSharpx.CSharpTests.ChoiceTests.Try_as_extension_method_creating_a_new_function" methodname="Try_as_extension_method_creating_a_new_function" classname="FSharpx.CSharpTests.ChoiceTests" runstate="Runnable" seed="1470640353" result="Passed" start-time="2016-08-22 10:22:59Z" end-time="2016-08-22 10:22:59Z" duration="0.000569" asserts="1" />
          <test-case id="4-1126" name="Validation_Errors" fullname="FSharpx.CSharpTests.ChoiceTests.Validation_Errors" methodname="Validation_Errors" classname="FSharpx.CSharpTests.ChoiceTests" runstate="Runnable" seed="1588514143" result="Passed" start-time="2016-08-22 10:22:59Z" end-time="2016-08-22 10:22:59Z" duration="0.014140" asserts="1">
            <output><![CDATA[FSharpx.Collections.NonEmptyList`1[System.String]
]]></output>
          </test-case>
          <test-case id="4-1127" name="Validation_OK" fullname="FSharpx.CSharpTests.ChoiceTests.Validation_OK" methodname="Validation_OK" classname="FSharpx.CSharpTests.ChoiceTests" runstate="Runnable" seed="339600057" result="Passed" start-time="2016-08-22 10:22:59Z" end-time="2016-08-22 10:22:59Z" duration="0.003237" asserts="2" />
        </test-suite>
        <test-suite type="TestFixture" id="4-1078" name="DictionaryTests" fullname="FSharpx.CSharpTests.DictionaryTests" classname="FSharpx.CSharpTests.DictionaryTests" runstate="Runnable" testcasecount="1" result="Passed" start-time="2016-08-22 10:22:59Z" end-time="2016-08-22 10:22:59Z" duration="0.004522" total="1" passed="1" failed="0" inconclusive="0" skipped="0" asserts="1">
          <test-case id="4-1079" name="TryFind" fullname="FSharpx.CSharpTests.DictionaryTests.TryFind" methodname="TryFind" classname="FSharpx.CSharpTests.DictionaryTests" runstate="Runnable" seed="314596622" result="Passed" start-time="2016-08-22 10:22:59Z" end-time="2016-08-22 10:22:59Z" duration="0.001913" asserts="1" />
        </test-suite>
        <test-suite type="TestFixture" id="4-1052" name="EnumerableTests" fullname="FSharpx.CSharpTests.EnumerableTests" classname="FSharpx.CSharpTests.EnumerableTests" runstate="Runnable" testcasecount="2" result="Passed" start-time="2016-08-22 10:22:59Z" end-time="2016-08-22 10:22:59Z" duration="0.009843" total="2" passed="2" failed="0" inconclusive="0" skipped="0" asserts="2">
          <test-case id="4-1053" name="FirstOrNone_None" fullname="FSharpx.CSharpTests.EnumerableTests.FirstOrNone_None" methodname="FirstOrNone_None" classname="FSharpx.CSharpTests.EnumerableTests" runstate="Runnable" seed="454043943" result="Passed" start-time="2016-08-22 10:22:59Z" end-time="2016-08-22 10:22:59Z" duration="0.000866" asserts="1" />
          <test-case id="4-1054" name="FirstOrNone_Some" fullname="FSharpx.CSharpTests.EnumerableTests.FirstOrNone_Some" methodname="FirstOrNone_Some" classname="FSharpx.CSharpTests.EnumerableTests" runstate="Runnable" seed="820064810" result="Passed" start-time="2016-08-22 10:22:59Z" end-time="2016-08-22 10:22:59Z" duration="0.000472" asserts="1" />
        </test-suite>
        <test-suite type="TestFixture" id="4-1080" name="FuncTests" fullname="FSharpx.CSharpTests.FuncTests" classname="FSharpx.CSharpTests.FuncTests" runstate="Runnable" testcasecount="6" result="Passed" start-time="2016-08-22 10:22:59Z" end-time="2016-08-22 10:22:59Z" duration="0.027989" total="6" passed="6" failed="0" inconclusive="0" skipped="0" asserts="5">
          <test-case id="4-1083" name="ActionTuple" fullname="FSharpx.CSharpTests.FuncTests.ActionTuple" methodname="ActionTuple" classname="FSharpx.CSharpTests.FuncTests" runstate="Runnable" seed="1583160318" result="Passed" start-time="2016-08-22 10:22:59Z" end-time="2016-08-22 10:22:59Z" duration="0.001206" asserts="1" />
          <test-case id="4-1084" name="ActionUntuple" fullname="FSharpx.CSharpTests.FuncTests.ActionUntuple" methodname="ActionUntuple" classname="FSharpx.CSharpTests.FuncTests" runstate="Runnable" seed="800798487" result="Passed" start-time="2016-08-22 10:22:59Z" end-time="2016-08-22 10:22:59Z" duration="0.001490" asserts="1" />
          <test-case id="4-1086" name="AndThen" fullname="FSharpx.CSharpTests.FuncTests.AndThen" methodname="AndThen" classname="FSharpx.CSharpTests.FuncTests" runstate="Runnable" seed="1052859713" result="Passed" start-time="2016-08-22 10:22:59Z" end-time="2016-08-22 10:22:59Z" duration="0.001838" asserts="1" />
          <test-case id="4-1085" name="Compose" fullname="FSharpx.CSharpTests.FuncTests.Compose" methodname="Compose" classname="FSharpx.CSharpTests.FuncTests" runstate="Runnable" seed="1610129916" result="Passed" start-time="2016-08-22 10:22:59Z" end-time="2016-08-22 10:22:59Z" duration="0.001229" asserts="1" />
          <test-case id="4-1081" name="FromAction" fullname="FSharpx.CSharpTests.FuncTests.FromAction" methodname="FromAction" classname="FSharpx.CSharpTests.FuncTests" runstate="Runnable" seed="17894523" result="Passed" start-time="2016-08-22 10:22:59Z" end-time="2016-08-22 10:22:59Z" duration="0.000826" asserts="1" />
          <test-case id="4-1082" name="FromActionEta" fullname="FSharpx.CSharpTests.FuncTests.FromActionEta" methodname="FromActionEta" classname="FSharpx.CSharpTests.FuncTests" runstate="Runnable" seed="842498275" result="Passed" start-time="2016-08-22 10:22:59Z" end-time="2016-08-22 10:22:59Z" duration="0.000764" asserts="0" />
        </test-suite>
        <test-suite type="TestFixture" id="4-1055" name="LazyTests" fullname="FSharpx.CSharpTests.LazyTests" classname="FSharpx.CSharpTests.LazyTests" runstate="Runnable" testcasecount="2" result="Passed" start-time="2016-08-22 10:22:59Z" end-time="2016-08-22 10:22:59Z" duration="0.015021" total="2" passed="2" failed="0" inconclusive="0" skipped="0" asserts="3">
          <test-case id="4-1056" name="Create" fullname="FSharpx.CSharpTests.LazyTests.Create" methodname="Create" classname="FSharpx.CSharpTests.LazyTests" runstate="Runnable" seed="976690772" result="Passed" start-time="2016-08-22 10:22:59Z" end-time="2016-08-22 10:22:59Z" duration="0.005356" asserts="2" />
          <test-case id="4-1057" name="Singleton" fullname="FSharpx.CSharpTests.LazyTests.Singleton" methodname="Singleton" classname="FSharpx.CSharpTests.LazyTests" runstate="Runnable" seed="453609882" result="Passed" start-time="2016-08-22 10:22:59Z" end-time="2016-08-22 10:22:59Z" duration="0.002258" asserts="1" />
        </test-suite>
        <test-suite type="TestFixture" id="4-1105" name="ListTests" fullname="FSharpx.CSharpTests.ListTests" classname="FSharpx.CSharpTests.ListTests" runstate="Runnable" testcasecount="8" result="Passed" start-time="2016-08-22 10:22:59Z" end-time="2016-08-22 10:22:59Z" duration="0.036532" total="8" passed="8" failed="0" inconclusive="0" skipped="0" asserts="7">
          <test-case id="4-1109" name="Choose" fullname="FSharpx.CSharpTests.ListTests.Choose" methodname="Choose" classname="FSharpx.CSharpTests.ListTests" runstate="Runnable" seed="1449411369" result="Passed" start-time="2016-08-22 10:22:59Z" end-time="2016-08-22 10:22:59Z" duration="0.003630" asserts="1" />
          <test-case id="4-1110" name="Cons" fullname="FSharpx.CSharpTests.ListTests.Cons" methodname="Cons" classname="FSharpx.CSharpTests.ListTests" runstate="Runnable" seed="354722285" result="Passed" start-time="2016-08-22 10:22:59Z" end-time="2016-08-22 10:22:59Z" duration="0.002305" asserts="2" />
          <test-case id="4-1106" name="Match_empty" fullname="FSharpx.CSharpTests.ListTests.Match_empty" methodname="Match_empty" classname="FSharpx.CSharpTests.ListTests" runstate="Runnable" seed="811416497" result="Passed" start-time="2016-08-22 10:22:59Z" end-time="2016-08-22 10:22:59Z" duration="0.001872" asserts="1" />
          <test-case id="4-1107" name="Match_non_empty" fullname="FSharpx.CSharpTests.ListTests.Match_non_empty" methodname="Match_non_empty" classname="FSharpx.CSharpTests.ListTests" runstate="Runnable" seed="2037559531" result="Passed" start-time="2016-08-22 10:22:59Z" end-time="2016-08-22 10:22:59Z" duration="0.000969" asserts="1" />
          <test-case id="4-1108" name="NewList" fullname="FSharpx.CSharpTests.ListTests.NewList" methodname="NewList" classname="FSharpx.CSharpTests.ListTests" runstate="Runnable" seed="874824347" result="Passed" start-time="2016-08-22 10:22:59Z" end-time="2016-08-22 10:22:59Z" duration="0.000353" asserts="1" />
          <test-case id="4-1111" name="ToFSharpList" fullname="FSharpx.CSharpTests.ListTests.ToFSharpList" methodname="ToFSharpList" classname="FSharpx.CSharpTests.ListTests" runstate="Runnable" seed="433503526" result="Passed" start-time="2016-08-22 10:22:59Z" end-time="2016-08-22 10:22:59Z" duration="0.000351" asserts="1" />
          <test-case id="4-1112" name="TryFind_predicate" fullname="FSharpx.CSharpTests.ListTests.TryFind_predicate" methodname="TryFind_predicate" classname="FSharpx.CSharpTests.ListTests" runstate="Runnable" seed="484410282" result="Passed" start-time="2016-08-22 10:22:59Z" end-time="2016-08-22 10:22:59Z" duration="0.001931" asserts="0" />
          <test-case id="4-1113" name="TryFind_value" fullname="FSharpx.CSharpTests.ListTests.TryFind_value" methodname="TryFind_value" classname="FSharpx.CSharpTests.ListTests" runstate="Runnable" seed="345110763" result="Passed" start-time="2016-08-22 10:22:59Z" end-time="2016-08-22 10:22:59Z" duration="0.000912" asserts="0" />
        </test-suite>
        <test-suite type="TestFixture" id="4-1114" name="MapTests" fullname="FSharpx.CSharpTests.MapTests" classname="FSharpx.CSharpTests.MapTests" runstate="Runnable" testcasecount="2" result="Passed" start-time="2016-08-22 10:22:59Z" end-time="2016-08-22 10:22:59Z" duration="0.031008" total="2" passed="2" failed="0" inconclusive="0" skipped="0" asserts="2">
          <test-case id="4-1115" name="New" fullname="FSharpx.CSharpTests.MapTests.New" methodname="New" classname="FSharpx.CSharpTests.MapTests" runstate="Runnable" seed="972344539" result="Passed" start-time="2016-08-22 10:22:59Z" end-time="2016-08-22 10:22:59Z" duration="0.022085" asserts="1" />
          <test-case id="4-1116" name="TryFind" fullname="FSharpx.CSharpTests.MapTests.TryFind" methodname="TryFind" classname="FSharpx.CSharpTests.MapTests" runstate="Runnable" seed="325803688" result="Passed" start-time="2016-08-22 10:22:59Z" end-time="2016-08-22 10:22:59Z" duration="0.001933" asserts="1" />
        </test-suite>
[...]
          <test-case id="5-1077" name="task should be delayed" fullname="FSharpx.Tests.TaskBuilderTests.task should be delayed" methodname="task should be delayed" classname="FSharpx.Tests.TaskBuilderTests" runstate="Runnable" seed="1143655618" result="Passed" start-time="2016-08-22 10:23:14Z" end-time="2016-08-22 10:23:14Z" duration="0.001589" asserts="3" />
          <test-case id="5-1067" name="task should return the right value after let!" fullname="FSharpx.Tests.TaskBuilderTests.task should return the right value after let!" methodname="task should return the right value after let!" classname="FSharpx.Tests.TaskBuilderTests" runstate="Runnable" seed="931871602" result="Passed" start-time="2016-08-22 10:23:14Z" end-time="2016-08-22 10:23:14Z" duration="0.000826" asserts="1" />
          <test-case id="5-1068" name="task should return the right value after return!" fullname="FSharpx.Tests.TaskBuilderTests.task should return the right value after return!" methodname="task should return the right value after return!" classname="FSharpx.Tests.TaskBuilderTests" runstate="Runnable" seed="1899753906" result="Passed" start-time="2016-08-22 10:23:14Z" end-time="2016-08-22 10:23:14Z" duration="0.000601" asserts="1" />
          <test-case id="5-1081" name="try finally should be cancellable" fullname="FSharpx.Tests.TaskBuilderTests.try finally should be cancellable" methodname="try finally should be cancellable" classname="FSharpx.Tests.TaskBuilderTests" runstate="Runnable" seed="552783500" result="Passed" start-time="2016-08-22 10:23:14Z" end-time="2016-08-22 10:23:14Z" duration="0.000940" asserts="1" />
          <test-case id="5-1080" name="try finally should execute finally block" fullname="FSharpx.Tests.TaskBuilderTests.try finally should execute finally block" methodname="try finally should execute finally block" classname="FSharpx.Tests.TaskBuilderTests" runstate="Runnable" seed="1807154080" result="Passed" start-time="2016-08-22 10:23:14Z" end-time="2016-08-22 10:23:14Z" duration="0.002041" asserts="2" />
          <test-case id="5-1078" name="while" fullname="FSharpx.Tests.TaskBuilderTests.while" methodname="while" classname="FSharpx.Tests.TaskBuilderTests" runstate="Runnable" seed="1308988968" result="Passed" start-time="2016-08-22 10:23:14Z" end-time="2016-08-22 10:23:14Z" duration="0.001442" asserts="1" />
        </test-suite>
        <test-suite type="TestFixture" id="5-1084" name="TaskTests" fullname="FSharpx.Tests.TaskTests" classname="FSharpx.Tests.TaskTests" runstate="Runnable" testcasecount="11" result="Passed" start-time="2016-08-22 10:23:14Z" end-time="2016-08-22 10:23:14Z" duration="0.080113" total="11" passed="11" failed="0" inconclusive="0" skipped="0" asserts="8">
          <test-case id="5-1088" name="canceled task" fullname="FSharpx.Tests.TaskTests.canceled task" methodname="canceled task" classname="FSharpx.Tests.TaskTests" runstate="Runnable" seed="2141465706" result="Passed" start-time="2016-08-22 10:23:14Z" end-time="2016-08-22 10:23:14Z" duration="0.001385" asserts="0" />
          <test-case id="5-1089" name="canceled task 2" fullname="FSharpx.Tests.TaskTests.canceled task 2" methodname="canceled task 2" classname="FSharpx.Tests.TaskTests" runstate="Runnable" seed="1246828603" result="Passed" start-time="2016-08-22 10:23:14Z" end-time="2016-08-22 10:23:14Z" duration="0.002468" asserts="0" />
          <test-case id="5-1087" name="exception in task" fullname="FSharpx.Tests.TaskTests.exception in task" methodname="exception in task" classname="FSharpx.Tests.TaskTests" runstate="Runnable" seed="1452826751" result="Passed" start-time="2016-08-22 10:23:14Z" end-time="2016-08-22 10:23:14Z" duration="0.000729" asserts="1" />
          <test-case id="5-1095" name="run delay law" fullname="FSharpx.Tests.TaskTests.run delay law" methodname="run delay law" classname="FSharpx.Tests.TaskTests" runstate="Runnable" seed="885233457" result="Passed" start-time="2016-08-22 10:23:14Z" end-time="2016-08-22 10:23:14Z" duration="0.018281" asserts="0">
            <output><![CDATA[run delay law-Ok, passed 100 tests.

]]></output>
          </test-case>
          <test-case id="5-1085" name="task should return the right value after let!" fullname="FSharpx.Tests.TaskTests.task should return the right value after let!" methodname="task should return the right value after let!" classname="FSharpx.Tests.TaskTests" runstate="Runnable" seed="1283312845" result="Passed" start-time="2016-08-22 10:23:14Z" end-time="2016-08-22 10:23:14Z" duration="0.002815" asserts="1" />
          <test-case id="5-1086" name="task should return the right value after return!" fullname="FSharpx.Tests.TaskTests.task should return the right value after return!" methodname="task should return the right value after return!" classname="FSharpx.Tests.TaskTests" runstate="Runnable" seed="1696638780" result="Passed" start-time="2016-08-22 10:23:14Z" end-time="2016-08-22 10:23:14Z" duration="0.000968" asserts="1" />
          <test-case id="5-1091" name="try with should catch exception in the body" fullname="FSharpx.Tests.TaskTests.try with should catch exception in the body" methodname="try with should catch exception in the body" classname="FSharpx.Tests.TaskTests" runstate="Runnable" seed="1186361715" result="Passed" start-time="2016-08-22 10:23:14Z" end-time="2016-08-22 10:23:14Z" duration="0.001354" asserts="1" />
          <test-case id="5-1092" name="try with should catch exception in the continuation" fullname="FSharpx.Tests.TaskTests.try with should catch exception in the continuation" methodname="try with should catch exception in the continuation" classname="FSharpx.Tests.TaskTests" runstate="Runnable" seed="1981375175" result="Passed" start-time="2016-08-22 10:23:14Z" end-time="2016-08-22 10:23:14Z" duration="0.002973" asserts="1" />
          <test-case id="5-1093" name="try with should catch exception only by type" fullname="FSharpx.Tests.TaskTests.try with should catch exception only by type" methodname="try with should catch exception only by type" classname="FSharpx.Tests.TaskTests" runstate="Runnable" seed="2065438584" result="Passed" start-time="2016-08-22 10:23:14Z" end-time="2016-08-22 10:23:14Z" duration="0.000831" asserts="1" />
          <test-case id="5-1094" name="try with should do unwrapping of exception to original type if it was raised in continuation" fullname="FSharpx.Tests.TaskTests.try with should do unwrapping of exception to original type if it was raised in continuation" methodname="try with should do unwrapping of exception to original type if it was raised in continuation" classname="FSharpx.Tests.TaskTests" runstate="Runnable" seed="417769170" result="Passed" start-time="2016-08-22 10:23:14Z" end-time="2016-08-22 10:23:14Z" duration="0.001269" asserts="1" />
          <test-case id="5-1090" name="while" fullname="FSharpx.Tests.TaskTests.while" methodname="while" classname="FSharpx.Tests.TaskTests" runstate="Runnable" seed="525227095" result="Passed" start-time="2016-08-22 10:23:14Z" end-time="2016-08-22 10:23:14Z" duration="0.003191" asserts="1" />
        </test-suite>
        <test-suite type="TestFixture" id="5-1106" name="TimeMeasurementTests" fullname="FSharpx.Tests.TimeMeasurementTests" classname="FSharpx.Tests.TimeMeasurementTests" runstate="Runnable" testcasecount="2" result="Passed" start-time="2016-08-22 10:23:14Z" end-time="2016-08-22 10:23:15Z" duration="1.119273" total="2" passed="2" failed="0" inconclusive="0" skipped="0" asserts="2">
          <test-case id="5-1108" name="When using a stopwatch the average time should be measured " fullname="FSharpx.Tests.TimeMeasurementTests.When using a stopwatch the average time should be measured " methodname="When using a stopwatch the average time should be measured " classname="FSharpx.Tests.TimeMeasurementTests" runstate="Runnable" seed="87308229" result="Passed" start-time="2016-08-22 10:23:14Z" end-time="2016-08-22 10:23:15Z" duration="1.010706" asserts="1" />
          <test-case id="5-1107" name="When using a stopwatch the elapsed time should be measured" fullname="FSharpx.Tests.TimeMeasurementTests.When using a stopwatch the elapsed time should be measured" methodname="When using a stopwatch the elapsed time should be measured" classname="FSharpx.Tests.TimeMeasurementTests" runstate="Runnable" seed="770612184" result="Passed" start-time="2016-08-22 10:23:15Z" end-time="2016-08-22 10:23:15Z" duration="0.101287" asserts="1" />
        </test-suite>
        <test-suite type="TestFixture" id="5-1713" name="UndoTest" fullname="FSharpx.Tests.UndoTest" classname="FSharpx.Tests.UndoTest" runstate="Runnable" testcasecount="7" result="Passed" start-time="2016-08-22 10:23:15Z" end-time="2016-08-22 10:23:15Z" duration="0.056095" total="7" passed="7" failed="0" inconclusive="0" skipped="0" asserts="12">
          <test-case id="5-1714" name="When starting a text editior with empty string, it should have a empty string in history" fullname="FSharpx.Tests.UndoTest.When starting a text editior with empty string, it should have a empty string in history" methodname="When starting a text editior with empty string, it should have a empty string in history" classname="FSharpx.Tests.UndoTest" runstate="Runnable" seed="1536153974" result="Passed" start-time="2016-08-22 10:23:15Z" end-time="2016-08-22 10:23:15Z" duration="0.010119" asserts="1" />
          <test-case id="5-1718" name="When starting a text editor with &quot;&quot; and adding a string, it should allow two undos" fullname="FSharpx.Tests.UndoTest.When starting a text editor with &quot;&quot; and adding a string, it should allow two undos" methodname="When starting a text editor with &quot;&quot; and adding a string, it should allow two undos" classname="FSharpx.Tests.UndoTest" runstate="Runnable" seed="260810420" result="Passed" start-time="2016-08-22 10:23:15Z" end-time="2016-08-22 10:23:15Z" duration="0.006193" asserts="2" />
          <test-case id="5-1720" name="When starting a text editor with &quot;&quot; and adding a string, it should not allow a redo without an undo" fullname="FSharpx.Tests.UndoTest.When starting a text editor with &quot;&quot; and adding a string, it should not allow a redo without an undo" methodname="When starting a text editor with &quot;&quot; and adding a string, it should not allow a redo without an undo" classname="FSharpx.Tests.UndoTest" runstate="Runnable" seed="511000451" result="Passed" start-time="2016-08-22 10:23:15Z" end-time="2016-08-22 10:23:15Z" duration="0.004805" asserts="2" />
          <test-case id="5-1719" name="When starting a text editor with &quot;&quot; and adding a string, it should not allow three undos" fullname="FSharpx.Tests.UndoTest.When starting a text editor with &quot;&quot; and adding a string, it should not allow three undos" methodname="When starting a text editor with &quot;&quot; and adding a string, it should not allow three undos" classname="FSharpx.Tests.UndoTest" runstate="Runnable" seed="1512004578" result="Passed" start-time="2016-08-22 10:23:15Z" end-time="2016-08-22 10:23:15Z" duration="0.002759" asserts="2" />
          <test-case id="5-1717" name="When starting a text editor with &quot;&quot; and adding three strings and undoing two and redoing two, it should contain all three strings" fullname="FSharpx.Tests.UndoTest.When starting a text editor with &quot;&quot; and adding three strings and undoing two and redoing two, it should contain all three strings" methodname="When starting a text editor with &quot;&quot; and adding three strings and undoing two and redoing two, it should contain all three strings" classname="FSharpx.Tests.UndoTest" runstate="Runnable" seed="2121320999" result="Passed" start-time="2016-08-22 10:23:15Z" end-time="2016-08-22 10:23:15Z" duration="0.003464" asserts="2" />
          <test-case id="5-1716" name="When starting a text editor with &quot;&quot; and adding three strings and undoing two, it should contain the first string" fullname="FSharpx.Tests.UndoTest.When starting a text editor with &quot;&quot; and adding three strings and undoing two, it should contain the first string" methodname="When starting a text editor with &quot;&quot; and adding three strings and undoing two, it should contain the first string" classname="FSharpx.Tests.UndoTest" runstate="Runnable" seed="914741239" result="Passed" start-time="2016-08-22 10:23:15Z" end-time="2016-08-22 10:23:15Z" duration="0.002832" asserts="2" />
          <test-case id="5-1715" name="When starting a text editor with &quot;&quot; and adding two strings, it should contain both string" fullname="FSharpx.Tests.UndoTest.When starting a text editor with &quot;&quot; and adding two strings, it should contain both string" methodname="When starting a text editor with &quot;&quot; and adding two strings, it should contain both string" classname="FSharpx.Tests.UndoTest" runstate="Runnable" seed="988514657" result="Passed" start-time="2016-08-22 10:23:15Z" end-time="2016-08-22 10:23:15Z" duration="0.001481" asserts="1" />
        </test-suite>
        <test-suite type="TestFixture" id="5-1162" name="ValidationExample" fullname="FSharpx.Tests.ValidationExample" classname="FSharpx.Tests.ValidationExample" runstate="Runnable" testcasecount="3" result="Passed" start-time="2016-08-22 10:23:15Z" end-time="2016-08-22 10:23:15Z" duration="0.041586" total="3" passed="3" failed="0" inconclusive="0" skipped="0" asserts="9">
          <test-case id="5-1163" name="part1" fullname="FSharpx.Tests.ValidationExample.part1" methodname="part1" classname="FSharpx.Tests.ValidationExample" runstate="Runnable" seed="1178528210" result="Passed" start-time="2016-08-22 10:23:15Z" end-time="2016-08-22 10:23:15Z" duration="0.013795" asserts="5" />
          <test-case id="5-1164" name="part2" fullname="FSharpx.Tests.ValidationExample.part2" methodname="part2" classname="FSharpx.Tests.ValidationExample" runstate="Runnable" seed="418954531" result="Passed" start-time="2016-08-22 10:23:15Z" end-time="2016-08-22 10:23:15Z" duration="0.011203" asserts="2" />
          <test-case id="5-1165" name="part3" fullname="FSharpx.Tests.ValidationExample.part3" methodname="part3" classname="FSharpx.Tests.ValidationExample" runstate="Runnable" seed="452030156" result="Passed" start-time="2016-08-22 10:23:15Z" end-time="2016-08-22 10:23:15Z" duration="0.005818" asserts="2" />
        </test-suite>
        <test-suite type="TestFixture" id="5-1166" name="ValidationTests" fullname="FSharpx.Tests.ValidationTests" classname="FSharpx.Tests.ValidationTests" runstate="Runnable" testcasecount="4" result="Passed" start-time="2016-08-22 10:23:15Z" end-time="2016-08-22 10:23:15Z" duration="0.061537" total="4" passed="4" failed="0" inconclusive="0" skipped="0" asserts="7">
          <test-case id="5-1168" name="using ap" fullname="FSharpx.Tests.ValidationTests.using ap" methodname="using ap" classname="FSharpx.Tests.ValidationTests" runstate="Runnable" seed="1152876906" result="Passed" start-time="2016-08-22 10:23:15Z" end-time="2016-08-22 10:23:15Z" duration="0.006557" asserts="2">
            <output><![CDATA[Invalid customer. Errors:
seq ["Surname can't be null"]
]]></output>
          </test-case>
          <test-case id="5-1167" name="ValidateCustomer" fullname="FSharpx.Tests.ValidationTests.ValidateCustomer" methodname="ValidateCustomer" classname="FSharpx.Tests.ValidationTests" runstate="Runnable" seed="729035997" result="Passed" start-time="2016-08-22 10:23:15Z" end-time="2016-08-22 10:23:15Z" duration="0.023677" asserts="4">
            <output><![CDATA[Invalid customer. Errors:
seq
  ["Surname can't be foo"; "Cost for product 'Bar' can't be negative";
   "Product name can't be null"]
]]></output>
          </test-case>
          <test-case id="5-1169" name="validation with sum monoid" fullname="FSharpx.Tests.ValidationTests.validation with sum monoid" methodname="validation with sum monoid" classname="FSharpx.Tests.ValidationTests" runstate="Runnable" seed="1589353314" result="Passed" start-time="2016-08-22 10:23:15Z" end-time="2016-08-22 10:23:15Z" duration="0.010803" asserts="1" />
          <test-case id="5-1170" name="validation with unit monoid" fullname="FSharpx.Tests.ValidationTests.validation with unit monoid" methodname="validation with unit monoid" classname="FSharpx.Tests.ValidationTests" runstate="Runnable" seed="1593288493" result="Passed" start-time="2016-08-22 10:23:15Z" end-time="2016-08-22 10:23:15Z" duration="0.007341" asserts="0" />
        </test-suite>
        <test-suite type="TestFixture" id="5-1015" name="WebClientTests" fullname="FSharpx.Tests.WebClientTests" classname="FSharpx.Tests.WebClientTests" runstate="Runnable" testcasecount="3" result="Passed" start-time="2016-08-22 10:23:15Z" end-time="2016-08-22 10:23:17Z" duration="1.326528" total="3" passed="3" failed="0" inconclusive="0" skipped="0" asserts="3">
          <test-case id="5-1018" name="AsyncDownloadData" fullname="FSharpx.Tests.WebClientTests.AsyncDownloadData" methodname="AsyncDownloadData" classname="FSharpx.Tests.WebClientTests" runstate="Runnable" seed="344277779" result="Passed" start-time="2016-08-22 10:23:15Z" end-time="2016-08-22 10:23:16Z" duration="0.624252" asserts="1" />
          <test-case id="5-1017" name="AsyncDownloadFile" fullname="FSharpx.Tests.WebClientTests.AsyncDownloadFile" methodname="AsyncDownloadFile" classname="FSharpx.Tests.WebClientTests" runstate="Runnable" seed="573459874" result="Passed" start-time="2016-08-22 10:23:16Z" end-time="2016-08-22 10:23:17Z" duration="0.537894" asserts="1" />
          <test-case id="5-1016" name="AsyncOpenRead" fullname="FSharpx.Tests.WebClientTests.AsyncOpenRead" methodname="AsyncOpenRead" classname="FSharpx.Tests.WebClientTests" runstate="Runnable" seed="1594477487" result="Passed" start-time="2016-08-22 10:23:17Z" end-time="2016-08-22 10:23:17Z" duration="0.154269" asserts="1" />
        </test-suite>
        <test-suite type="TestFixture" id="5-1711" name="WriterTest" fullname="FSharpx.Tests.WriterTest" classname="FSharpx.Tests.WriterTest" runstate="Runnable" testcasecount="1" result="Passed" start-time="2016-08-22 10:23:17Z" end-time="2016-08-22 10:23:17Z" duration="0.014015" total="1" passed="1" failed="0" inconclusive="0" skipped="0" asserts="1">
          <test-case id="5-1712" name="When processing files, it should log messages" fullname="FSharpx.Tests.WriterTest.When processing files, it should log messages" methodname="When processing files, it should log messages" classname="FSharpx.Tests.WriterTest" runstate="Runnable" seed="610977956" result="Passed" start-time="2016-08-22 10:23:17Z" end-time="2016-08-22 10:23:17Z" duration="0.010392" asserts="1">
            <output><![CDATA[C:\Test1.txt
C:\Test2.txt
]]></output>
          </test-case>
        </test-suite>
        <test-suite type="TestFixture" id="5-1160" name="ZipListTests" fullname="FSharpx.Tests.ZipListTests" classname="FSharpx.Tests.ZipListTests" runstate="Runnable" testcasecount="1" result="Passed" start-time="2016-08-22 10:23:17Z" end-time="2016-08-22 10:23:17Z" duration="0.014984" total="1" passed="1" failed="0" inconclusive="0" skipped="0" asserts="1">
          <test-case id="5-1161" name="zipping" fullname="FSharpx.Tests.ZipListTests.zipping" methodname="zipping" classname="FSharpx.Tests.ZipListTests" runstate="Runnable" seed="1900515313" result="Passed" start-time="2016-08-22 10:23:17Z" end-time="2016-08-22 10:23:17Z" duration="0.011364" asserts="1" />
        </test-suite>
      </test-suite>
    </test-suite>
  </test-suite>
</test-run>